{
    "/home/user/mobile-frontend-fixed/src/components/EmptyState.js": {
        "path": "/home/user/mobile-frontend-fixed/src/components/EmptyState.js",
        "statementMap": {
            "0": { "start": { "line": 6, "column": 19 }, "end": { "line": 48, "column": 1 } },
            "1": { "start": { "line": 14, "column": 18 }, "end": { "line": 14, "column": 28 } },
            "2": { "start": { "line": 16, "column": 4 }, "end": { "line": 47, "column": 6 } },
            "3": { "start": { "line": 50, "column": 15 }, "end": { "line": 74, "column": 2 } }
        },
        "fnMap": {
            "0": {
                "name": "(anonymous_0)",
                "decl": {
                    "start": { "line": 6, "column": 19 },
                    "end": { "line": 6, "column": 20 }
                },
                "loc": { "start": { "line": 13, "column": 6 }, "end": { "line": 48, "column": 1 } },
                "line": 13
            }
        },
        "branchMap": {
            "0": {
                "loc": { "start": { "line": 7, "column": 4 }, "end": { "line": 7, "column": 18 } },
                "type": "default-arg",
                "locations": [
                    { "start": { "line": 7, "column": 11 }, "end": { "line": 7, "column": 18 } }
                ],
                "line": 7
            },
            "1": {
                "loc": { "start": { "line": 8, "column": 4 }, "end": { "line": 8, "column": 21 } },
                "type": "default-arg",
                "locations": [
                    { "start": { "line": 8, "column": 12 }, "end": { "line": 8, "column": 21 } }
                ],
                "line": 8
            },
            "2": {
                "loc": { "start": { "line": 9, "column": 4 }, "end": { "line": 9, "column": 43 } },
                "type": "default-arg",
                "locations": [
                    { "start": { "line": 9, "column": 14 }, "end": { "line": 9, "column": 43 } }
                ],
                "line": 9
            },
            "3": {
                "loc": {
                    "start": { "line": 12, "column": 4 },
                    "end": { "line": 12, "column": 17 }
                },
                "type": "default-arg",
                "locations": [
                    { "start": { "line": 12, "column": 15 }, "end": { "line": 12, "column": 17 } }
                ],
                "line": 12
            },
            "4": {
                "loc": {
                    "start": { "line": 36, "column": 13 },
                    "end": { "line": 45, "column": 13 }
                },
                "type": "binary-expr",
                "locations": [
                    { "start": { "line": 36, "column": 13 }, "end": { "line": 36, "column": 24 } },
                    { "start": { "line": 36, "column": 28 }, "end": { "line": 36, "column": 36 } },
                    { "start": { "line": 37, "column": 16 }, "end": { "line": 44, "column": 25 } }
                ],
                "line": 36
            }
        },
        "s": { "0": 0, "1": 0, "2": 0, "3": 0 },
        "f": { "0": 0 },
        "b": { "0": [0], "1": [0], "2": [0], "3": [0], "4": [0, 0, 0] }
    },
    "/home/user/mobile-frontend-fixed/src/components/ErrorBoundary.js": {
        "path": "/home/user/mobile-frontend-fixed/src/components/ErrorBoundary.js",
        "statementMap": {
            "0": { "start": { "line": 7, "column": 8 }, "end": { "line": 7, "column": 21 } },
            "1": { "start": { "line": 8, "column": 8 }, "end": { "line": 8, "column": 71 } },
            "2": { "start": { "line": 12, "column": 8 }, "end": { "line": 12, "column": 34 } },
            "3": { "start": { "line": 16, "column": 8 }, "end": { "line": 16, "column": 74 } },
            "4": { "start": { "line": 17, "column": 8 }, "end": { "line": 20, "column": 11 } },
            "5": { "start": { "line": 23, "column": 18 }, "end": { "line": 25, "column": 5 } },
            "6": { "start": { "line": 24, "column": 8 }, "end": { "line": 24, "column": 73 } },
            "7": { "start": { "line": 28, "column": 8 }, "end": { "line": 54, "column": 9 } },
            "8": { "start": { "line": 29, "column": 12 }, "end": { "line": 53, "column": 14 } },
            "9": { "start": { "line": 56, "column": 8 }, "end": { "line": 56, "column": 35 } },
            "10": { "start": { "line": 60, "column": 15 }, "end": { "line": 99, "column": 2 } }
        },
        "fnMap": {
            "0": {
                "name": "(anonymous_0)",
                "decl": { "start": { "line": 6, "column": 4 }, "end": { "line": 6, "column": 5 } },
                "loc": { "start": { "line": 6, "column": 23 }, "end": { "line": 9, "column": 5 } },
                "line": 6
            },
            "1": {
                "name": "(anonymous_1)",
                "decl": {
                    "start": { "line": 11, "column": 4 },
                    "end": { "line": 11, "column": 5 }
                },
                "loc": {
                    "start": { "line": 11, "column": 43 },
                    "end": { "line": 13, "column": 5 }
                },
                "line": 11
            },
            "2": {
                "name": "(anonymous_2)",
                "decl": {
                    "start": { "line": 15, "column": 4 },
                    "end": { "line": 15, "column": 5 }
                },
                "loc": {
                    "start": { "line": 15, "column": 40 },
                    "end": { "line": 21, "column": 5 }
                },
                "line": 15
            },
            "3": {
                "name": "(anonymous_3)",
                "decl": {
                    "start": { "line": 23, "column": 18 },
                    "end": { "line": 23, "column": 19 }
                },
                "loc": {
                    "start": { "line": 23, "column": 24 },
                    "end": { "line": 25, "column": 5 }
                },
                "line": 23
            },
            "4": {
                "name": "(anonymous_4)",
                "decl": {
                    "start": { "line": 27, "column": 4 },
                    "end": { "line": 27, "column": 5 }
                },
                "loc": {
                    "start": { "line": 27, "column": 13 },
                    "end": { "line": 57, "column": 5 }
                },
                "line": 27
            }
        },
        "branchMap": {
            "0": {
                "loc": { "start": { "line": 28, "column": 8 }, "end": { "line": 54, "column": 9 } },
                "type": "if",
                "locations": [
                    { "start": { "line": 28, "column": 8 }, "end": { "line": 54, "column": 9 } },
                    { "start": {}, "end": {} }
                ],
                "line": 28
            },
            "1": {
                "loc": {
                    "start": { "line": 37, "column": 21 },
                    "end": { "line": 48, "column": 21 }
                },
                "type": "binary-expr",
                "locations": [
                    { "start": { "line": 37, "column": 21 }, "end": { "line": 37, "column": 28 } },
                    { "start": { "line": 37, "column": 32 }, "end": { "line": 37, "column": 48 } },
                    { "start": { "line": 38, "column": 24 }, "end": { "line": 47, "column": 31 } }
                ],
                "line": 37
            },
            "2": {
                "loc": {
                    "start": { "line": 42, "column": 29 },
                    "end": { "line": 46, "column": 29 }
                },
                "type": "binary-expr",
                "locations": [
                    { "start": { "line": 42, "column": 29 }, "end": { "line": 42, "column": 49 } },
                    { "start": { "line": 43, "column": 32 }, "end": { "line": 45, "column": 39 } }
                ],
                "line": 42
            }
        },
        "s": {
            "0": 0,
            "1": 0,
            "2": 0,
            "3": 0,
            "4": 0,
            "5": 0,
            "6": 0,
            "7": 0,
            "8": 0,
            "9": 0,
            "10": 0
        },
        "f": { "0": 0, "1": 0, "2": 0, "3": 0, "4": 0 },
        "b": { "0": [0, 0], "1": [0, 0, 0], "2": [0, 0] }
    },
    "/home/user/mobile-frontend-fixed/src/components/LoadingSpinner.js": {
        "path": "/home/user/mobile-frontend-fixed/src/components/LoadingSpinner.js",
        "statementMap": {
            "0": { "start": { "line": 5, "column": 23 }, "end": { "line": 16, "column": 1 } },
            "1": { "start": { "line": 6, "column": 4 }, "end": { "line": 15, "column": 6 } },
            "2": { "start": { "line": 18, "column": 15 }, "end": { "line": 29, "column": 2 } }
        },
        "fnMap": {
            "0": {
                "name": "(anonymous_0)",
                "decl": {
                    "start": { "line": 5, "column": 23 },
                    "end": { "line": 5, "column": 24 }
                },
                "loc": { "start": { "line": 5, "column": 71 }, "end": { "line": 16, "column": 1 } },
                "line": 5
            }
        },
        "branchMap": {
            "0": {
                "loc": { "start": { "line": 5, "column": 26 }, "end": { "line": 5, "column": 48 } },
                "type": "default-arg",
                "locations": [
                    { "start": { "line": 5, "column": 36 }, "end": { "line": 5, "column": 48 } }
                ],
                "line": 5
            },
            "1": {
                "loc": { "start": { "line": 5, "column": 50 }, "end": { "line": 5, "column": 64 } },
                "type": "default-arg",
                "locations": [
                    { "start": { "line": 5, "column": 57 }, "end": { "line": 5, "column": 64 } }
                ],
                "line": 5
            },
            "2": {
                "loc": {
                    "start": { "line": 9, "column": 13 },
                    "end": { "line": 13, "column": 13 }
                },
                "type": "binary-expr",
                "locations": [
                    { "start": { "line": 9, "column": 13 }, "end": { "line": 9, "column": 20 } },
                    { "start": { "line": 10, "column": 16 }, "end": { "line": 12, "column": 23 } }
                ],
                "line": 9
            }
        },
        "s": { "0": 0, "1": 0, "2": 0 },
        "f": { "0": 0 },
        "b": { "0": [0], "1": [0], "2": [0, 0] }
    },
    "/home/user/mobile-frontend-fixed/src/components/NetworkStatus.js": {
        "path": "/home/user/mobile-frontend-fixed/src/components/NetworkStatus.js",
        "statementMap": {
            "0": { "start": { "line": 6, "column": 22 }, "end": { "line": 33, "column": 1 } },
            "1": { "start": { "line": 7, "column": 34 }, "end": { "line": 7, "column": 49 } },
            "2": { "start": { "line": 8, "column": 42 }, "end": { "line": 8, "column": 56 } },
            "3": { "start": { "line": 12, "column": 4 }, "end": { "line": 15, "column": 11 } },
            "4": { "start": { "line": 17, "column": 4 }, "end": { "line": 19, "column": 5 } },
            "5": { "start": { "line": 18, "column": 8 }, "end": { "line": 18, "column": 20 } },
            "6": { "start": { "line": 21, "column": 4 }, "end": { "line": 32, "column": 6 } },
            "7": { "start": { "line": 24, "column": 29 }, "end": { "line": 24, "column": 46 } }
        },
        "fnMap": {
            "0": {
                "name": "(anonymous_0)",
                "decl": {
                    "start": { "line": 6, "column": 22 },
                    "end": { "line": 6, "column": 23 }
                },
                "loc": { "start": { "line": 6, "column": 28 }, "end": { "line": 33, "column": 1 } },
                "line": 6
            },
            "1": {
                "name": "(anonymous_1)",
                "decl": {
                    "start": { "line": 12, "column": 14 },
                    "end": { "line": 12, "column": 15 }
                },
                "loc": {
                    "start": { "line": 12, "column": 20 },
                    "end": { "line": 15, "column": 5 }
                },
                "line": 12
            },
            "2": {
                "name": "(anonymous_2)",
                "decl": {
                    "start": { "line": 24, "column": 23 },
                    "end": { "line": 24, "column": 24 }
                },
                "loc": {
                    "start": { "line": 24, "column": 29 },
                    "end": { "line": 24, "column": 46 }
                },
                "line": 24
            }
        },
        "branchMap": {
            "0": {
                "loc": { "start": { "line": 17, "column": 4 }, "end": { "line": 19, "column": 5 } },
                "type": "if",
                "locations": [
                    { "start": { "line": 17, "column": 4 }, "end": { "line": 19, "column": 5 } },
                    { "start": {}, "end": {} }
                ],
                "line": 17
            },
            "1": {
                "loc": {
                    "start": { "line": 27, "column": 33 },
                    "end": { "line": 27, "column": 68 }
                },
                "type": "cond-expr",
                "locations": [
                    { "start": { "line": 27, "column": 47 }, "end": { "line": 27, "column": 56 } },
                    { "start": { "line": 27, "column": 59 }, "end": { "line": 27, "column": 68 } }
                ],
                "line": 27
            },
            "2": {
                "loc": {
                    "start": { "line": 30, "column": 13 },
                    "end": { "line": 30, "column": 67 }
                },
                "type": "cond-expr",
                "locations": [
                    { "start": { "line": 30, "column": 27 }, "end": { "line": 30, "column": 40 } },
                    { "start": { "line": 30, "column": 43 }, "end": { "line": 30, "column": 67 } }
                ],
                "line": 30
            }
        },
        "s": { "0": 0, "1": 0, "2": 0, "3": 0, "4": 0, "5": 0, "6": 0, "7": 0 },
        "f": { "0": 0, "1": 0, "2": 0 },
        "b": { "0": [0, 0], "1": [0, 0], "2": [0, 0] }
    },
    "/home/user/mobile-frontend-fixed/src/config/config.js": {
        "path": "/home/user/mobile-frontend-fixed/src/config/config.js",
        "statementMap": {
            "0": { "start": { "line": 4, "column": 14 }, "end": { "line": 4, "column": 47 } },
            "1": { "start": { "line": 6, "column": 22 }, "end": { "line": 16, "column": 1 } },
            "2": { "start": { "line": 14, "column": 24 }, "end": { "line": 14, "column": 53 } },
            "3": { "start": { "line": 15, "column": 25 }, "end": { "line": 15, "column": 55 } }
        },
        "fnMap": {
            "0": {
                "name": "(anonymous_0)",
                "decl": {
                    "start": { "line": 14, "column": 18 },
                    "end": { "line": 14, "column": 19 }
                },
                "loc": {
                    "start": { "line": 14, "column": 24 },
                    "end": { "line": 14, "column": 53 }
                },
                "line": 14
            },
            "1": {
                "name": "(anonymous_1)",
                "decl": {
                    "start": { "line": 15, "column": 19 },
                    "end": { "line": 15, "column": 20 }
                },
                "loc": {
                    "start": { "line": 15, "column": 25 },
                    "end": { "line": 15, "column": 55 }
                },
                "line": 15
            }
        },
        "branchMap": {
            "0": {
                "loc": { "start": { "line": 4, "column": 14 }, "end": { "line": 4, "column": 47 } },
                "type": "binary-expr",
                "locations": [
                    { "start": { "line": 4, "column": 14 }, "end": { "line": 4, "column": 41 } },
                    { "start": { "line": 4, "column": 45 }, "end": { "line": 4, "column": 47 } }
                ],
                "line": 4
            },
            "1": {
                "loc": { "start": { "line": 7, "column": 18 }, "end": { "line": 7, "column": 68 } },
                "type": "binary-expr",
                "locations": [
                    { "start": { "line": 7, "column": 18 }, "end": { "line": 7, "column": 34 } },
                    { "start": { "line": 7, "column": 38 }, "end": { "line": 7, "column": 68 } }
                ],
                "line": 7
            },
            "2": {
                "loc": { "start": { "line": 8, "column": 23 }, "end": { "line": 8, "column": 82 } },
                "type": "binary-expr",
                "locations": [
                    { "start": { "line": 8, "column": 23 }, "end": { "line": 8, "column": 44 } },
                    { "start": { "line": 8, "column": 48 }, "end": { "line": 8, "column": 82 } }
                ],
                "line": 8
            },
            "3": {
                "loc": { "start": { "line": 9, "column": 26 }, "end": { "line": 9, "column": 56 } },
                "type": "binary-expr",
                "locations": [
                    { "start": { "line": 9, "column": 26 }, "end": { "line": 9, "column": 50 } },
                    { "start": { "line": 9, "column": 54 }, "end": { "line": 9, "column": 56 } }
                ],
                "line": 9
            },
            "4": {
                "loc": {
                    "start": { "line": 10, "column": 13 },
                    "end": { "line": 10, "column": 42 }
                },
                "type": "binary-expr",
                "locations": [
                    { "start": { "line": 10, "column": 13 }, "end": { "line": 10, "column": 25 } },
                    { "start": { "line": 10, "column": 29 }, "end": { "line": 10, "column": 42 } }
                ],
                "line": 10
            },
            "5": {
                "loc": {
                    "start": { "line": 11, "column": 22 },
                    "end": { "line": 11, "column": 51 }
                },
                "type": "binary-expr",
                "locations": [
                    { "start": { "line": 11, "column": 22 }, "end": { "line": 11, "column": 42 } },
                    { "start": { "line": 11, "column": 46 }, "end": { "line": 11, "column": 51 } }
                ],
                "line": 11
            }
        },
        "s": { "0": 0, "1": 0, "2": 0, "3": 0 },
        "f": { "0": 0, "1": 0 },
        "b": { "0": [0, 0], "1": [0, 0], "2": [0, 0], "3": [0, 0], "4": [0, 0], "5": [0, 0] }
    },
    "/home/user/mobile-frontend-fixed/src/context/AppContext.js": {
        "path": "/home/user/mobile-frontend-fixed/src/context/AppContext.js",
        "statementMap": {
            "0": { "start": { "line": 3, "column": 19 }, "end": { "line": 3, "column": 38 } },
            "1": { "start": { "line": 5, "column": 27 }, "end": { "line": 46, "column": 1 } },
            "2": { "start": { "line": 6, "column": 30 }, "end": { "line": 6, "column": 47 } },
            "3": { "start": { "line": 7, "column": 36 }, "end": { "line": 7, "column": 51 } },
            "4": { "start": { "line": 8, "column": 46 }, "end": { "line": 8, "column": 58 } },
            "5": { "start": { "line": 9, "column": 46 }, "end": { "line": 9, "column": 64 } },
            "6": { "start": { "line": 11, "column": 24 }, "end": { "line": 13, "column": 10 } },
            "7": { "start": { "line": 12, "column": 8 }, "end": { "line": 12, "column": 76 } },
            "8": { "start": { "line": 12, "column": 33 }, "end": { "line": 12, "column": 73 } },
            "9": { "start": { "line": 15, "column": 28 }, "end": { "line": 22, "column": 10 } },
            "10": { "start": { "line": 16, "column": 32 }, "end": { "line": 20, "column": 9 } },
            "11": { "start": { "line": 21, "column": 8 }, "end": { "line": 21, "column": 76 } },
            "12": { "start": { "line": 21, "column": 35 }, "end": { "line": 21, "column": 74 } },
            "13": { "start": { "line": 24, "column": 30 }, "end": { "line": 26, "column": 10 } },
            "14": { "start": { "line": 25, "column": 8 }, "end": { "line": 25, "column": 76 } },
            "15": { "start": { "line": 25, "column": 35 }, "end": { "line": 25, "column": 74 } },
            "16": { "start": { "line": 25, "column": 58 }, "end": { "line": 25, "column": 73 } },
            "17": { "start": { "line": 28, "column": 34 }, "end": { "line": 30, "column": 10 } },
            "18": { "start": { "line": 29, "column": 8 }, "end": { "line": 29, "column": 29 } },
            "19": { "start": { "line": 32, "column": 18 }, "end": { "line": 43, "column": 5 } },
            "20": { "start": { "line": 45, "column": 4 }, "end": { "line": 45, "column": 79 } },
            "21": { "start": { "line": 48, "column": 22 }, "end": { "line": 54, "column": 1 } },
            "22": { "start": { "line": 49, "column": 20 }, "end": { "line": 49, "column": 42 } },
            "23": { "start": { "line": 50, "column": 4 }, "end": { "line": 52, "column": 5 } },
            "24": { "start": { "line": 51, "column": 8 }, "end": { "line": 51, "column": 69 } },
            "25": { "start": { "line": 53, "column": 4 }, "end": { "line": 53, "column": 19 } }
        },
        "fnMap": {
            "0": {
                "name": "(anonymous_0)",
                "decl": {
                    "start": { "line": 5, "column": 27 },
                    "end": { "line": 5, "column": 28 }
                },
                "loc": { "start": { "line": 5, "column": 45 }, "end": { "line": 46, "column": 1 } },
                "line": 5
            },
            "1": {
                "name": "(anonymous_1)",
                "decl": {
                    "start": { "line": 11, "column": 36 },
                    "end": { "line": 11, "column": 37 }
                },
                "loc": {
                    "start": { "line": 11, "column": 42 },
                    "end": { "line": 13, "column": 5 }
                },
                "line": 11
            },
            "2": {
                "name": "(anonymous_2)",
                "decl": {
                    "start": { "line": 12, "column": 17 },
                    "end": { "line": 12, "column": 18 }
                },
                "loc": {
                    "start": { "line": 12, "column": 33 },
                    "end": { "line": 12, "column": 73 }
                },
                "line": 12
            },
            "3": {
                "name": "(anonymous_3)",
                "decl": {
                    "start": { "line": 15, "column": 40 },
                    "end": { "line": 15, "column": 41 }
                },
                "loc": {
                    "start": { "line": 15, "column": 58 },
                    "end": { "line": 22, "column": 5 }
                },
                "line": 15
            },
            "4": {
                "name": "(anonymous_4)",
                "decl": {
                    "start": { "line": 21, "column": 25 },
                    "end": { "line": 21, "column": 26 }
                },
                "loc": {
                    "start": { "line": 21, "column": 35 },
                    "end": { "line": 21, "column": 74 }
                },
                "line": 21
            },
            "5": {
                "name": "(anonymous_5)",
                "decl": {
                    "start": { "line": 24, "column": 42 },
                    "end": { "line": 24, "column": 43 }
                },
                "loc": {
                    "start": { "line": 24, "column": 50 },
                    "end": { "line": 26, "column": 5 }
                },
                "line": 24
            },
            "6": {
                "name": "(anonymous_6)",
                "decl": {
                    "start": { "line": 25, "column": 25 },
                    "end": { "line": 25, "column": 26 }
                },
                "loc": {
                    "start": { "line": 25, "column": 35 },
                    "end": { "line": 25, "column": 74 }
                },
                "line": 25
            },
            "7": {
                "name": "(anonymous_7)",
                "decl": {
                    "start": { "line": 25, "column": 47 },
                    "end": { "line": 25, "column": 48 }
                },
                "loc": {
                    "start": { "line": 25, "column": 58 },
                    "end": { "line": 25, "column": 73 }
                },
                "line": 25
            },
            "8": {
                "name": "(anonymous_8)",
                "decl": {
                    "start": { "line": 28, "column": 46 },
                    "end": { "line": 28, "column": 47 }
                },
                "loc": {
                    "start": { "line": 28, "column": 52 },
                    "end": { "line": 30, "column": 5 }
                },
                "line": 28
            },
            "9": {
                "name": "(anonymous_9)",
                "decl": {
                    "start": { "line": 48, "column": 22 },
                    "end": { "line": 48, "column": 23 }
                },
                "loc": {
                    "start": { "line": 48, "column": 28 },
                    "end": { "line": 54, "column": 1 }
                },
                "line": 48
            }
        },
        "branchMap": {
            "0": {
                "loc": {
                    "start": { "line": 12, "column": 33 },
                    "end": { "line": 12, "column": 73 }
                },
                "type": "cond-expr",
                "locations": [
                    { "start": { "line": 12, "column": 57 }, "end": { "line": 12, "column": 63 } },
                    { "start": { "line": 12, "column": 66 }, "end": { "line": 12, "column": 73 } }
                ],
                "line": 12
            },
            "1": {
                "loc": { "start": { "line": 50, "column": 4 }, "end": { "line": 52, "column": 5 } },
                "type": "if",
                "locations": [
                    { "start": { "line": 50, "column": 4 }, "end": { "line": 52, "column": 5 } },
                    { "start": {}, "end": {} }
                ],
                "line": 50
            }
        },
        "s": {
            "0": 0,
            "1": 0,
            "2": 0,
            "3": 0,
            "4": 0,
            "5": 0,
            "6": 0,
            "7": 0,
            "8": 0,
            "9": 0,
            "10": 0,
            "11": 0,
            "12": 0,
            "13": 0,
            "14": 0,
            "15": 0,
            "16": 0,
            "17": 0,
            "18": 0,
            "19": 0,
            "20": 0,
            "21": 0,
            "22": 0,
            "23": 0,
            "24": 0,
            "25": 0
        },
        "f": { "0": 0, "1": 0, "2": 0, "3": 0, "4": 0, "5": 0, "6": 0, "7": 0, "8": 0, "9": 0 },
        "b": { "0": [0, 0], "1": [0, 0] }
    },
    "/home/user/mobile-frontend-fixed/src/context/AuthContext.js": {
        "path": "/home/user/mobile-frontend-fixed/src/context/AuthContext.js",
        "statementMap": {
            "0": { "start": { "line": 6, "column": 20 }, "end": { "line": 6, "column": 39 } },
            "1": { "start": { "line": 8, "column": 23 }, "end": { "line": 8, "column": 48 } },
            "2": { "start": { "line": 9, "column": 26 }, "end": { "line": 9, "column": 54 } },
            "3": { "start": { "line": 10, "column": 22 }, "end": { "line": 10, "column": 46 } },
            "4": { "start": { "line": 12, "column": 28 }, "end": { "line": 167, "column": 1 } },
            "5": { "start": { "line": 13, "column": 28 }, "end": { "line": 13, "column": 42 } },
            "6": { "start": { "line": 14, "column": 30 }, "end": { "line": 14, "column": 44 } },
            "7": { "start": { "line": 15, "column": 34 }, "end": { "line": 15, "column": 48 } },
            "8": { "start": { "line": 16, "column": 30 }, "end": { "line": 16, "column": 44 } },
            "9": { "start": { "line": 19, "column": 4 }, "end": { "line": 21, "column": 11 } },
            "10": { "start": { "line": 20, "column": 8 }, "end": { "line": 20, "column": 24 } },
            "11": { "start": { "line": 23, "column": 26 }, "end": { "line": 39, "column": 5 } },
            "12": { "start": { "line": 24, "column": 8 }, "end": { "line": 38, "column": 9 } },
            "13": { "start": { "line": 25, "column": 44 }, "end": { "line": 28, "column": 14 } },
            "14": { "start": { "line": 30, "column": 12 }, "end": { "line": 33, "column": 13 } },
            "15": { "start": { "line": 31, "column": 16 }, "end": { "line": 31, "column": 37 } },
            "16": { "start": { "line": 32, "column": 16 }, "end": { "line": 32, "column": 47 } },
            "17": { "start": { "line": 35, "column": 12 }, "end": { "line": 35, "column": 63 } },
            "18": { "start": { "line": 37, "column": 12 }, "end": { "line": 37, "column": 30 } },
            "19": { "start": { "line": 41, "column": 26 }, "end": { "line": 50, "column": 5 } },
            "20": { "start": { "line": 42, "column": 8 }, "end": { "line": 49, "column": 9 } },
            "21": { "start": { "line": 43, "column": 12 }, "end": { "line": 46, "column": 15 } },
            "22": { "start": { "line": 48, "column": 12 }, "end": { "line": 48, "column": 63 } },
            "23": { "start": { "line": 52, "column": 27 }, "end": { "line": 62, "column": 5 } },
            "24": { "start": { "line": 53, "column": 8 }, "end": { "line": 61, "column": 9 } },
            "25": { "start": { "line": 54, "column": 12 }, "end": { "line": 58, "column": 15 } },
            "26": { "start": { "line": 60, "column": 12 }, "end": { "line": 60, "column": 64 } },
            "27": { "start": { "line": 64, "column": 18 }, "end": { "line": 94, "column": 5 } },
            "28": { "start": { "line": 65, "column": 8 }, "end": { "line": 93, "column": 9 } },
            "29": { "start": { "line": 66, "column": 12 }, "end": { "line": 66, "column": 29 } },
            "30": { "start": { "line": 67, "column": 12 }, "end": { "line": 67, "column": 27 } },
            "31": { "start": { "line": 69, "column": 29 }, "end": { "line": 72, "column": 14 } },
            "32": { "start": { "line": 74, "column": 12 }, "end": { "line": 86, "column": 13 } },
            "33": { "start": { "line": 75, "column": 72 }, "end": { "line": 75, "column": 85 } },
            "34": { "start": { "line": 76, "column": 16 }, "end": { "line": 76, "column": 39 } },
            "35": { "start": { "line": 77, "column": 16 }, "end": { "line": 77, "column": 34 } },
            "36": { "start": { "line": 78, "column": 16 }, "end": { "line": 78, "column": 60 } },
            "37": { "start": { "line": 79, "column": 16 }, "end": { "line": 81, "column": 17 } },
            "38": { "start": { "line": 80, "column": 20 }, "end": { "line": 80, "column": 81 } },
            "39": { "start": { "line": 82, "column": 16 }, "end": { "line": 82, "column": 41 } },
            "40": { "start": { "line": 84, "column": 16 }, "end": { "line": 84, "column": 64 } },
            "41": { "start": { "line": 85, "column": 16 }, "end": { "line": 85, "column": 70 } },
            "42": { "start": { "line": 88, "column": 33 }, "end": { "line": 88, "column": 98 } },
            "43": { "start": { "line": 89, "column": 12 }, "end": { "line": 89, "column": 35 } },
            "44": { "start": { "line": 90, "column": 12 }, "end": { "line": 90, "column": 59 } },
            "45": { "start": { "line": 92, "column": 12 }, "end": { "line": 92, "column": 30 } },
            "46": { "start": { "line": 96, "column": 21 }, "end": { "line": 120, "column": 5 } },
            "47": { "start": { "line": 97, "column": 8 }, "end": { "line": 119, "column": 9 } },
            "48": { "start": { "line": 98, "column": 12 }, "end": { "line": 98, "column": 29 } },
            "49": { "start": { "line": 99, "column": 12 }, "end": { "line": 99, "column": 27 } },
            "50": { "start": { "line": 101, "column": 29 }, "end": { "line": 104, "column": 13 } },
            "51": { "start": { "line": 106, "column": 12 }, "end": { "line": 112, "column": 13 } },
            "52": { "start": { "line": 108, "column": 16 }, "end": { "line": 108, "column": 73 } },
            "53": { "start": { "line": 110, "column": 16 }, "end": { "line": 110, "column": 71 } },
            "54": { "start": { "line": 111, "column": 16 }, "end": { "line": 111, "column": 70 } },
            "55": { "start": { "line": 114, "column": 33 }, "end": { "line": 114, "column": 98 } },
            "56": { "start": { "line": 115, "column": 12 }, "end": { "line": 115, "column": 35 } },
            "57": { "start": { "line": 116, "column": 12 }, "end": { "line": 116, "column": 59 } },
            "58": { "start": { "line": 118, "column": 12 }, "end": { "line": 118, "column": 30 } },
            "59": { "start": { "line": 122, "column": 19 }, "end": { "line": 126, "column": 5 } },
            "60": { "start": { "line": 123, "column": 8 }, "end": { "line": 123, "column": 22 } },
            "61": { "start": { "line": 124, "column": 8 }, "end": { "line": 124, "column": 23 } },
            "62": { "start": { "line": 125, "column": 8 }, "end": { "line": 125, "column": 31 } },
            "63": { "start": { "line": 128, "column": 31 }, "end": { "line": 152, "column": 5 } },
            "64": { "start": { "line": 129, "column": 8 }, "end": { "line": 151, "column": 9 } },
            "65": { "start": { "line": 130, "column": 33 }, "end": { "line": 130, "column": 78 } },
            "66": { "start": { "line": 131, "column": 12 }, "end": { "line": 133, "column": 13 } },
            "67": { "start": { "line": 132, "column": 16 }, "end": { "line": 132, "column": 62 } },
            "68": { "start": { "line": 135, "column": 29 }, "end": { "line": 137, "column": 14 } },
            "69": { "start": { "line": 139, "column": 12 }, "end": { "line": 146, "column": 13 } },
            "70": { "start": { "line": 140, "column": 41 }, "end": { "line": 140, "column": 54 } },
            "71": { "start": { "line": 141, "column": 16 }, "end": { "line": 141, "column": 39 } },
            "72": { "start": { "line": 142, "column": 16 }, "end": { "line": 142, "column": 73 } },
            "73": { "start": { "line": 143, "column": 16 }, "end": { "line": 143, "column": 36 } },
            "74": { "start": { "line": 145, "column": 16 }, "end": { "line": 145, "column": 56 } },
            "75": { "start": { "line": 148, "column": 12 }, "end": { "line": 148, "column": 61 } },
            "76": { "start": { "line": 149, "column": 12 }, "end": { "line": 149, "column": 27 } },
            "77": { "start": { "line": 150, "column": 12 }, "end": { "line": 150, "column": 24 } },
            "78": { "start": { "line": 154, "column": 18 }, "end": { "line": 164, "column": 5 } },
            "79": { "start": { "line": 166, "column": 4 }, "end": { "line": 166, "column": 81 } },
            "80": { "start": { "line": 169, "column": 23 }, "end": { "line": 175, "column": 1 } },
            "81": { "start": { "line": 170, "column": 20 }, "end": { "line": 170, "column": 43 } },
            "82": { "start": { "line": 171, "column": 4 }, "end": { "line": 173, "column": 5 } },
            "83": { "start": { "line": 172, "column": 8 }, "end": { "line": 172, "column": 71 } },
            "84": { "start": { "line": 174, "column": 4 }, "end": { "line": 174, "column": 19 } }
        },
        "fnMap": {
            "0": {
                "name": "(anonymous_0)",
                "decl": {
                    "start": { "line": 12, "column": 28 },
                    "end": { "line": 12, "column": 29 }
                },
                "loc": {
                    "start": { "line": 12, "column": 46 },
                    "end": { "line": 167, "column": 1 }
                },
                "line": 12
            },
            "1": {
                "name": "(anonymous_1)",
                "decl": {
                    "start": { "line": 19, "column": 14 },
                    "end": { "line": 19, "column": 15 }
                },
                "loc": {
                    "start": { "line": 19, "column": 20 },
                    "end": { "line": 21, "column": 5 }
                },
                "line": 19
            },
            "2": {
                "name": "(anonymous_2)",
                "decl": {
                    "start": { "line": 23, "column": 26 },
                    "end": { "line": 23, "column": 27 }
                },
                "loc": {
                    "start": { "line": 23, "column": 38 },
                    "end": { "line": 39, "column": 5 }
                },
                "line": 23
            },
            "3": {
                "name": "(anonymous_3)",
                "decl": {
                    "start": { "line": 41, "column": 26 },
                    "end": { "line": 41, "column": 27 }
                },
                "loc": {
                    "start": { "line": 41, "column": 57 },
                    "end": { "line": 50, "column": 5 }
                },
                "line": 41
            },
            "4": {
                "name": "(anonymous_4)",
                "decl": {
                    "start": { "line": 52, "column": 27 },
                    "end": { "line": 52, "column": 28 }
                },
                "loc": {
                    "start": { "line": 52, "column": 39 },
                    "end": { "line": 62, "column": 5 }
                },
                "line": 52
            },
            "5": {
                "name": "(anonymous_5)",
                "decl": {
                    "start": { "line": 64, "column": 18 },
                    "end": { "line": 64, "column": 19 }
                },
                "loc": {
                    "start": { "line": 64, "column": 48 },
                    "end": { "line": 94, "column": 5 }
                },
                "line": 64
            },
            "6": {
                "name": "(anonymous_6)",
                "decl": {
                    "start": { "line": 96, "column": 21 },
                    "end": { "line": 96, "column": 22 }
                },
                "loc": {
                    "start": { "line": 96, "column": 41 },
                    "end": { "line": 120, "column": 5 }
                },
                "line": 96
            },
            "7": {
                "name": "(anonymous_7)",
                "decl": {
                    "start": { "line": 122, "column": 19 },
                    "end": { "line": 122, "column": 20 }
                },
                "loc": {
                    "start": { "line": 122, "column": 31 },
                    "end": { "line": 126, "column": 5 }
                },
                "line": 122
            },
            "8": {
                "name": "(anonymous_8)",
                "decl": {
                    "start": { "line": 128, "column": 31 },
                    "end": { "line": 128, "column": 32 }
                },
                "loc": {
                    "start": { "line": 128, "column": 43 },
                    "end": { "line": 152, "column": 5 }
                },
                "line": 128
            },
            "9": {
                "name": "(anonymous_9)",
                "decl": {
                    "start": { "line": 169, "column": 23 },
                    "end": { "line": 169, "column": 24 }
                },
                "loc": {
                    "start": { "line": 169, "column": 29 },
                    "end": { "line": 175, "column": 1 }
                },
                "line": 169
            }
        },
        "branchMap": {
            "0": {
                "loc": {
                    "start": { "line": 30, "column": 12 },
                    "end": { "line": 33, "column": 13 }
                },
                "type": "if",
                "locations": [
                    { "start": { "line": 30, "column": 12 }, "end": { "line": 33, "column": 13 } },
                    { "start": {}, "end": {} }
                ],
                "line": 30
            },
            "1": {
                "loc": {
                    "start": { "line": 30, "column": 16 },
                    "end": { "line": 30, "column": 39 }
                },
                "type": "binary-expr",
                "locations": [
                    { "start": { "line": 30, "column": 16 }, "end": { "line": 30, "column": 26 } },
                    { "start": { "line": 30, "column": 30 }, "end": { "line": 30, "column": 39 } }
                ],
                "line": 30
            },
            "2": {
                "loc": {
                    "start": { "line": 74, "column": 12 },
                    "end": { "line": 86, "column": 13 }
                },
                "type": "if",
                "locations": [
                    { "start": { "line": 74, "column": 12 }, "end": { "line": 86, "column": 13 } },
                    { "start": { "line": 83, "column": 19 }, "end": { "line": 86, "column": 13 } }
                ],
                "line": 74
            },
            "3": {
                "loc": {
                    "start": { "line": 79, "column": 16 },
                    "end": { "line": 81, "column": 17 }
                },
                "type": "if",
                "locations": [
                    { "start": { "line": 79, "column": 16 }, "end": { "line": 81, "column": 17 } },
                    { "start": {}, "end": {} }
                ],
                "line": 79
            },
            "4": {
                "loc": {
                    "start": { "line": 84, "column": 25 },
                    "end": { "line": 84, "column": 62 }
                },
                "type": "binary-expr",
                "locations": [
                    { "start": { "line": 84, "column": 25 }, "end": { "line": 84, "column": 44 } },
                    { "start": { "line": 84, "column": 48 }, "end": { "line": 84, "column": 62 } }
                ],
                "line": 84
            },
            "5": {
                "loc": {
                    "start": { "line": 88, "column": 33 },
                    "end": { "line": 88, "column": 98 }
                },
                "type": "binary-expr",
                "locations": [
                    { "start": { "line": 88, "column": 33 }, "end": { "line": 88, "column": 60 } },
                    { "start": { "line": 88, "column": 64 }, "end": { "line": 88, "column": 98 } }
                ],
                "line": 88
            },
            "6": {
                "loc": {
                    "start": { "line": 106, "column": 12 },
                    "end": { "line": 112, "column": 13 }
                },
                "type": "if",
                "locations": [
                    {
                        "start": { "line": 106, "column": 12 },
                        "end": { "line": 112, "column": 13 }
                    },
                    { "start": { "line": 109, "column": 19 }, "end": { "line": 112, "column": 13 } }
                ],
                "line": 106
            },
            "7": {
                "loc": {
                    "start": { "line": 110, "column": 25 },
                    "end": { "line": 110, "column": 69 }
                },
                "type": "binary-expr",
                "locations": [
                    {
                        "start": { "line": 110, "column": 25 },
                        "end": { "line": 110, "column": 44 }
                    },
                    { "start": { "line": 110, "column": 48 }, "end": { "line": 110, "column": 69 } }
                ],
                "line": 110
            },
            "8": {
                "loc": {
                    "start": { "line": 114, "column": 33 },
                    "end": { "line": 114, "column": 98 }
                },
                "type": "binary-expr",
                "locations": [
                    {
                        "start": { "line": 114, "column": 33 },
                        "end": { "line": 114, "column": 60 }
                    },
                    { "start": { "line": 114, "column": 64 }, "end": { "line": 114, "column": 98 } }
                ],
                "line": 114
            },
            "9": {
                "loc": {
                    "start": { "line": 131, "column": 12 },
                    "end": { "line": 133, "column": 13 }
                },
                "type": "if",
                "locations": [
                    {
                        "start": { "line": 131, "column": 12 },
                        "end": { "line": 133, "column": 13 }
                    },
                    { "start": {}, "end": {} }
                ],
                "line": 131
            },
            "10": {
                "loc": {
                    "start": { "line": 139, "column": 12 },
                    "end": { "line": 146, "column": 13 }
                },
                "type": "if",
                "locations": [
                    {
                        "start": { "line": 139, "column": 12 },
                        "end": { "line": 146, "column": 13 }
                    },
                    { "start": { "line": 144, "column": 19 }, "end": { "line": 146, "column": 13 } }
                ],
                "line": 139
            },
            "11": {
                "loc": {
                    "start": { "line": 163, "column": 25 },
                    "end": { "line": 163, "column": 42 }
                },
                "type": "binary-expr",
                "locations": [
                    {
                        "start": { "line": 163, "column": 25 },
                        "end": { "line": 163, "column": 31 }
                    },
                    { "start": { "line": 163, "column": 35 }, "end": { "line": 163, "column": 42 } }
                ],
                "line": 163
            },
            "12": {
                "loc": {
                    "start": { "line": 171, "column": 4 },
                    "end": { "line": 173, "column": 5 }
                },
                "type": "if",
                "locations": [
                    { "start": { "line": 171, "column": 4 }, "end": { "line": 173, "column": 5 } },
                    { "start": {}, "end": {} }
                ],
                "line": 171
            }
        },
        "s": {
            "0": 0,
            "1": 0,
            "2": 0,
            "3": 0,
            "4": 0,
            "5": 0,
            "6": 0,
            "7": 0,
            "8": 0,
            "9": 0,
            "10": 0,
            "11": 0,
            "12": 0,
            "13": 0,
            "14": 0,
            "15": 0,
            "16": 0,
            "17": 0,
            "18": 0,
            "19": 0,
            "20": 0,
            "21": 0,
            "22": 0,
            "23": 0,
            "24": 0,
            "25": 0,
            "26": 0,
            "27": 0,
            "28": 0,
            "29": 0,
            "30": 0,
            "31": 0,
            "32": 0,
            "33": 0,
            "34": 0,
            "35": 0,
            "36": 0,
            "37": 0,
            "38": 0,
            "39": 0,
            "40": 0,
            "41": 0,
            "42": 0,
            "43": 0,
            "44": 0,
            "45": 0,
            "46": 0,
            "47": 0,
            "48": 0,
            "49": 0,
            "50": 0,
            "51": 0,
            "52": 0,
            "53": 0,
            "54": 0,
            "55": 0,
            "56": 0,
            "57": 0,
            "58": 0,
            "59": 0,
            "60": 0,
            "61": 0,
            "62": 0,
            "63": 0,
            "64": 0,
            "65": 0,
            "66": 0,
            "67": 0,
            "68": 0,
            "69": 0,
            "70": 0,
            "71": 0,
            "72": 0,
            "73": 0,
            "74": 0,
            "75": 0,
            "76": 0,
            "77": 0,
            "78": 0,
            "79": 0,
            "80": 0,
            "81": 0,
            "82": 0,
            "83": 0,
            "84": 0
        },
        "f": { "0": 0, "1": 0, "2": 0, "3": 0, "4": 0, "5": 0, "6": 0, "7": 0, "8": 0, "9": 0 },
        "b": {
            "0": [0, 0],
            "1": [0, 0],
            "2": [0, 0],
            "3": [0, 0],
            "4": [0, 0],
            "5": [0, 0],
            "6": [0, 0],
            "7": [0, 0],
            "8": [0, 0],
            "9": [0, 0],
            "10": [0, 0],
            "11": [0, 0],
            "12": [0, 0]
        }
    },
    "/home/user/mobile-frontend-fixed/src/navigation/AppNavigator.js": {
        "path": "/home/user/mobile-frontend-fixed/src/navigation/AppNavigator.js",
        "statementMap": {
            "0": { "start": { "line": 12, "column": 14 }, "end": { "line": 12, "column": 36 } },
            "1": { "start": { "line": 14, "column": 21 }, "end": { "line": 25, "column": 1 } },
            "2": { "start": { "line": 15, "column": 4 }, "end": { "line": 24, "column": 6 } }
        },
        "fnMap": {
            "0": {
                "name": "(anonymous_0)",
                "decl": {
                    "start": { "line": 14, "column": 21 },
                    "end": { "line": 14, "column": 22 }
                },
                "loc": {
                    "start": { "line": 14, "column": 27 },
                    "end": { "line": 25, "column": 1 }
                },
                "line": 14
            }
        },
        "branchMap": {},
        "s": { "0": 0, "1": 0, "2": 0 },
        "f": { "0": 0 },
        "b": {}
    },
    "/home/user/mobile-frontend-fixed/src/navigation/RootNavigator.js": {
        "path": "/home/user/mobile-frontend-fixed/src/navigation/RootNavigator.js",
        "statementMap": {
            "0": { "start": { "line": 14, "column": 14 }, "end": { "line": 14, "column": 36 } },
            "1": { "start": { "line": 16, "column": 22 }, "end": { "line": 38, "column": 1 } },
            "2": { "start": { "line": 17, "column": 41 }, "end": { "line": 17, "column": 50 } },
            "3": { "start": { "line": 19, "column": 4 }, "end": { "line": 21, "column": 5 } },
            "4": { "start": { "line": 20, "column": 8 }, "end": { "line": 20, "column": 67 } },
            "5": { "start": { "line": 23, "column": 4 }, "end": { "line": 37, "column": 6 } }
        },
        "fnMap": {
            "0": {
                "name": "(anonymous_0)",
                "decl": {
                    "start": { "line": 16, "column": 22 },
                    "end": { "line": 16, "column": 23 }
                },
                "loc": {
                    "start": { "line": 16, "column": 28 },
                    "end": { "line": 38, "column": 1 }
                },
                "line": 16
            }
        },
        "branchMap": {
            "0": {
                "loc": { "start": { "line": 19, "column": 4 }, "end": { "line": 21, "column": 5 } },
                "type": "if",
                "locations": [
                    { "start": { "line": 19, "column": 4 }, "end": { "line": 21, "column": 5 } },
                    { "start": {}, "end": {} }
                ],
                "line": 19
            },
            "1": {
                "loc": {
                    "start": { "line": 26, "column": 17 },
                    "end": { "line": 34, "column": 17 }
                },
                "type": "cond-expr",
                "locations": [
                    { "start": { "line": 27, "column": 20 }, "end": { "line": 31, "column": 23 } },
                    { "start": { "line": 33, "column": 20 }, "end": { "line": 33, "column": 73 } }
                ],
                "line": 26
            }
        },
        "s": { "0": 0, "1": 0, "2": 0, "3": 0, "4": 0, "5": 0 },
        "f": { "0": 0 },
        "b": { "0": [0, 0], "1": [0, 0] }
    },
    "/home/user/mobile-frontend-fixed/src/screens/DashboardScreen.js": {
        "path": "/home/user/mobile-frontend-fixed/src/screens/DashboardScreen.js",
        "statementMap": {
            "0": { "start": { "line": 16, "column": 20 }, "end": { "line": 16, "column": 50 } },
            "1": { "start": { "line": 19, "column": 20 }, "end": { "line": 34, "column": 1 } },
            "2": { "start": { "line": 24, "column": 28 }, "end": { "line": 24, "column": 60 } },
            "3": { "start": { "line": 25, "column": 33 }, "end": { "line": 25, "column": 66 } },
            "4": { "start": { "line": 36, "column": 24 }, "end": { "line": 235, "column": 1 } },
            "5": { "start": { "line": 37, "column": 38 }, "end": { "line": 37, "column": 61 } },
            "6": { "start": { "line": 38, "column": 44 }, "end": { "line": 41, "column": 6 } },
            "7": { "start": { "line": 42, "column": 44 }, "end": { "line": 45, "column": 6 } },
            "8": { "start": { "line": 46, "column": 34 }, "end": { "line": 46, "column": 48 } },
            "9": { "start": { "line": 47, "column": 18 }, "end": { "line": 47, "column": 28 } },
            "10": { "start": { "line": 49, "column": 37 }, "end": { "line": 74, "column": 5 } },
            "11": { "start": { "line": 50, "column": 23 }, "end": { "line": 50, "column": 48 } },
            "12": { "start": { "line": 51, "column": 8 }, "end": { "line": 53, "column": 9 } },
            "13": { "start": { "line": 52, "column": 12 }, "end": { "line": 52, "column": 60 } },
            "14": { "start": { "line": 55, "column": 23 }, "end": { "line": 60, "column": 9 } },
            "15": { "start": { "line": 56, "column": 12 }, "end": { "line": 59, "column": 14 } },
            "16": { "start": { "line": 61, "column": 21 }, "end": { "line": 61, "column": 50 } },
            "17": { "start": { "line": 61, "column": 42 }, "end": { "line": 61, "column": 49 } },
            "18": { "start": { "line": 63, "column": 8 }, "end": { "line": 65, "column": 9 } },
            "19": { "start": { "line": 64, "column": 12 }, "end": { "line": 64, "column": 60 } },
            "20": { "start": { "line": 67, "column": 21 }, "end": { "line": 67, "column": 63 } },
            "21": { "start": { "line": 68, "column": 31 }, "end": { "line": 68, "column": 78 } },
            "22": { "start": { "line": 68, "column": 59 }, "end": { "line": 68, "column": 77 } },
            "23": { "start": { "line": 70, "column": 8 }, "end": { "line": 73, "column": 10 } },
            "24": { "start": { "line": 76, "column": 4 }, "end": { "line": 112, "column": 11 } },
            "25": { "start": { "line": 77, "column": 26 }, "end": { "line": 109, "column": 9 } },
            "26": { "start": { "line": 78, "column": 12 }, "end": { "line": 78, "column": 29 } },
            "27": { "start": { "line": 79, "column": 33 }, "end": { "line": 79, "column": 38 } },
            "28": { "start": { "line": 80, "column": 12 }, "end": { "line": 87, "column": 13 } },
            "29": { "start": { "line": 81, "column": 39 }, "end": { "line": 81, "column": 61 } },
            "30": { "start": { "line": 82, "column": 16 }, "end": { "line": 82, "column": 94 } },
            "31": { "start": { "line": 83, "column": 16 }, "end": { "line": 83, "column": 74 } },
            "32": { "start": { "line": 85, "column": 16 }, "end": { "line": 85, "column": 71 } },
            "33": { "start": { "line": 86, "column": 16 }, "end": { "line": 86, "column": 38 } },
            "34": { "start": { "line": 89, "column": 12 }, "end": { "line": 107, "column": 13 } },
            "35": { "start": { "line": 90, "column": 36 }, "end": { "line": 90, "column": 76 } },
            "36": { "start": { "line": 91, "column": 16 }, "end": { "line": 91, "column": 71 } },
            "37": { "start": { "line": 93, "column": 36 }, "end": { "line": 93, "column": 77 } },
            "38": { "start": { "line": 94, "column": 16 }, "end": { "line": 94, "column": 71 } },
            "39": { "start": { "line": 96, "column": 16 }, "end": { "line": 96, "column": 71 } },
            "40": { "start": { "line": 97, "column": 16 }, "end": { "line": 104, "column": 17 } },
            "41": { "start": { "line": 98, "column": 20 }, "end": { "line": 101, "column": 22 } },
            "42": { "start": { "line": 103, "column": 20 }, "end": { "line": 103, "column": 98 } },
            "43": { "start": { "line": 105, "column": 16 }, "end": { "line": 105, "column": 74 } },
            "44": { "start": { "line": 106, "column": 16 }, "end": { "line": 106, "column": 74 } },
            "45": { "start": { "line": 108, "column": 12 }, "end": { "line": 108, "column": 30 } },
            "46": { "start": { "line": 111, "column": 8 }, "end": { "line": 111, "column": 20 } },
            "47": { "start": { "line": 114, "column": 24 }, "end": { "line": 142, "column": 5 } },
            "48": { "start": { "line": 115, "column": 8 }, "end": { "line": 124, "column": 9 } },
            "49": { "start": { "line": 121, "column": 12 }, "end": { "line": 123, "column": 14 } },
            "50": { "start": { "line": 125, "column": 8 }, "end": { "line": 141, "column": 10 } },
            "51": { "start": { "line": 144, "column": 4 }, "end": { "line": 234, "column": 6 } },
            "52": { "start": { "line": 148, "column": 57 }, "end": { "line": 148, "column": 88 } },
            "53": { "start": { "line": 178, "column": 28 }, "end": { "line": 182, "column": 29 } },
            "54": { "start": { "line": 179, "column": 32 }, "end": { "line": 179, "column": 82 } },
            "55": { "start": { "line": 180, "column": 35 }, "end": { "line": 182, "column": 29 } },
            "56": { "start": { "line": 181, "column": 32 }, "end": { "line": 181, "column": 83 } },
            "57": { "start": { "line": 184, "column": 48 }, "end": { "line": 184, "column": 56 } },
            "58": { "start": { "line": 186, "column": 28 }, "end": { "line": 191, "column": 30 } },
            "59": { "start": { "line": 199, "column": 51 }, "end": { "line": 199, "column": 78 } },
            "60": { "start": { "line": 207, "column": 51 }, "end": { "line": 207, "column": 83 } },
            "61": { "start": { "line": 215, "column": 51 }, "end": { "line": 215, "column": 84 } },
            "62": { "start": { "line": 223, "column": 51 }, "end": { "line": 223, "column": 83 } },
            "63": { "start": { "line": 237, "column": 15 }, "end": { "line": 289, "column": 2 } }
        },
        "fnMap": {
            "0": {
                "name": "(anonymous_0)",
                "decl": {
                    "start": { "line": 24, "column": 11 },
                    "end": { "line": 24, "column": 12 }
                },
                "loc": {
                    "start": { "line": 24, "column": 28 },
                    "end": { "line": 24, "column": 60 }
                },
                "line": 24
            },
            "1": {
                "name": "(anonymous_1)",
                "decl": {
                    "start": { "line": 25, "column": 16 },
                    "end": { "line": 25, "column": 17 }
                },
                "loc": {
                    "start": { "line": 25, "column": 33 },
                    "end": { "line": 25, "column": 66 }
                },
                "line": 25
            },
            "2": {
                "name": "(anonymous_2)",
                "decl": {
                    "start": { "line": 36, "column": 24 },
                    "end": { "line": 36, "column": 25 }
                },
                "loc": {
                    "start": { "line": 36, "column": 44 },
                    "end": { "line": 235, "column": 1 }
                },
                "line": 36
            },
            "3": {
                "name": "(anonymous_3)",
                "decl": {
                    "start": { "line": 49, "column": 37 },
                    "end": { "line": 49, "column": 38 }
                },
                "loc": {
                    "start": { "line": 49, "column": 54 },
                    "end": { "line": 74, "column": 5 }
                },
                "line": 49
            },
            "4": {
                "name": "(anonymous_4)",
                "decl": {
                    "start": { "line": 55, "column": 34 },
                    "end": { "line": 55, "column": 35 }
                },
                "loc": {
                    "start": { "line": 56, "column": 12 },
                    "end": { "line": 59, "column": 14 }
                },
                "line": 56
            },
            "5": {
                "name": "(anonymous_5)",
                "decl": {
                    "start": { "line": 61, "column": 32 },
                    "end": { "line": 61, "column": 33 }
                },
                "loc": {
                    "start": { "line": 61, "column": 42 },
                    "end": { "line": 61, "column": 49 }
                },
                "line": 61
            },
            "6": {
                "name": "(anonymous_6)",
                "decl": {
                    "start": { "line": 68, "column": 45 },
                    "end": { "line": 68, "column": 46 }
                },
                "loc": {
                    "start": { "line": 68, "column": 59 },
                    "end": { "line": 68, "column": 77 }
                },
                "line": 68
            },
            "7": {
                "name": "(anonymous_7)",
                "decl": {
                    "start": { "line": 76, "column": 14 },
                    "end": { "line": 76, "column": 15 }
                },
                "loc": {
                    "start": { "line": 76, "column": 20 },
                    "end": { "line": 112, "column": 5 }
                },
                "line": 76
            },
            "8": {
                "name": "(anonymous_8)",
                "decl": {
                    "start": { "line": 77, "column": 26 },
                    "end": { "line": 77, "column": 27 }
                },
                "loc": {
                    "start": { "line": 77, "column": 38 },
                    "end": { "line": 109, "column": 9 }
                },
                "line": 77
            },
            "9": {
                "name": "(anonymous_9)",
                "decl": {
                    "start": { "line": 114, "column": 24 },
                    "end": { "line": 114, "column": 25 }
                },
                "loc": {
                    "start": { "line": 114, "column": 46 },
                    "end": { "line": 142, "column": 5 }
                },
                "line": 114
            },
            "10": {
                "name": "(anonymous_10)",
                "decl": {
                    "start": { "line": 148, "column": 51 },
                    "end": { "line": 148, "column": 52 }
                },
                "loc": {
                    "start": { "line": 148, "column": 57 },
                    "end": { "line": 148, "column": 88 }
                },
                "line": 148
            },
            "11": {
                "name": "(anonymous_11)",
                "decl": {
                    "start": { "line": 177, "column": 36 },
                    "end": { "line": 177, "column": 37 }
                },
                "loc": {
                    "start": { "line": 177, "column": 50 },
                    "end": { "line": 183, "column": 25 }
                },
                "line": 177
            },
            "12": {
                "name": "(anonymous_12)",
                "decl": {
                    "start": { "line": 184, "column": 38 },
                    "end": { "line": 184, "column": 39 }
                },
                "loc": {
                    "start": { "line": 184, "column": 48 },
                    "end": { "line": 184, "column": 56 }
                },
                "line": 184
            },
            "13": {
                "name": "(anonymous_13)",
                "decl": {
                    "start": { "line": 185, "column": 48 },
                    "end": { "line": 185, "column": 49 }
                },
                "loc": {
                    "start": { "line": 186, "column": 28 },
                    "end": { "line": 191, "column": 30 }
                },
                "line": 186
            },
            "14": {
                "name": "(anonymous_14)",
                "decl": {
                    "start": { "line": 199, "column": 45 },
                    "end": { "line": 199, "column": 46 }
                },
                "loc": {
                    "start": { "line": 199, "column": 51 },
                    "end": { "line": 199, "column": 78 }
                },
                "line": 199
            },
            "15": {
                "name": "(anonymous_15)",
                "decl": {
                    "start": { "line": 207, "column": 45 },
                    "end": { "line": 207, "column": 46 }
                },
                "loc": {
                    "start": { "line": 207, "column": 51 },
                    "end": { "line": 207, "column": 83 }
                },
                "line": 207
            },
            "16": {
                "name": "(anonymous_16)",
                "decl": {
                    "start": { "line": 215, "column": 45 },
                    "end": { "line": 215, "column": 46 }
                },
                "loc": {
                    "start": { "line": 215, "column": 51 },
                    "end": { "line": 215, "column": 84 }
                },
                "line": 215
            },
            "17": {
                "name": "(anonymous_17)",
                "decl": {
                    "start": { "line": 223, "column": 45 },
                    "end": { "line": 223, "column": 46 }
                },
                "loc": {
                    "start": { "line": 223, "column": 51 },
                    "end": { "line": 223, "column": 83 }
                },
                "line": 223
            }
        },
        "branchMap": {
            "0": {
                "loc": {
                    "start": { "line": 24, "column": 12 },
                    "end": { "line": 24, "column": 23 }
                },
                "type": "default-arg",
                "locations": [
                    { "start": { "line": 24, "column": 22 }, "end": { "line": 24, "column": 23 } }
                ],
                "line": 24
            },
            "1": {
                "loc": {
                    "start": { "line": 25, "column": 17 },
                    "end": { "line": 25, "column": 28 }
                },
                "type": "default-arg",
                "locations": [
                    { "start": { "line": 25, "column": 27 }, "end": { "line": 25, "column": 28 } }
                ],
                "line": 25
            },
            "2": {
                "loc": { "start": { "line": 51, "column": 8 }, "end": { "line": 53, "column": 9 } },
                "type": "if",
                "locations": [
                    { "start": { "line": 51, "column": 8 }, "end": { "line": 53, "column": 9 } },
                    { "start": {}, "end": {} }
                ],
                "line": 51
            },
            "3": {
                "loc": {
                    "start": { "line": 51, "column": 12 },
                    "end": { "line": 51, "column": 42 }
                },
                "type": "binary-expr",
                "locations": [
                    { "start": { "line": 51, "column": 12 }, "end": { "line": 51, "column": 19 } },
                    { "start": { "line": 51, "column": 23 }, "end": { "line": 51, "column": 42 } }
                ],
                "line": 51
            },
            "4": {
                "loc": { "start": { "line": 63, "column": 8 }, "end": { "line": 65, "column": 9 } },
                "type": "if",
                "locations": [
                    { "start": { "line": 63, "column": 8 }, "end": { "line": 65, "column": 9 } },
                    { "start": {}, "end": {} }
                ],
                "line": 63
            },
            "5": {
                "loc": {
                    "start": { "line": 82, "column": 29 },
                    "end": { "line": 82, "column": 92 }
                },
                "type": "cond-expr",
                "locations": [
                    { "start": { "line": 82, "column": 72 }, "end": { "line": 82, "column": 80 } },
                    { "start": { "line": 82, "column": 83 }, "end": { "line": 82, "column": 92 } }
                ],
                "line": 82
            },
            "6": {
                "loc": {
                    "start": { "line": 97, "column": 16 },
                    "end": { "line": 104, "column": 17 }
                },
                "type": "if",
                "locations": [
                    { "start": { "line": 97, "column": 16 }, "end": { "line": 104, "column": 17 } },
                    { "start": { "line": 102, "column": 23 }, "end": { "line": 104, "column": 17 } }
                ],
                "line": 97
            },
            "7": {
                "loc": {
                    "start": { "line": 115, "column": 8 },
                    "end": { "line": 124, "column": 9 }
                },
                "type": "if",
                "locations": [
                    { "start": { "line": 115, "column": 8 }, "end": { "line": 124, "column": 9 } },
                    { "start": {}, "end": {} }
                ],
                "line": 115
            },
            "8": {
                "loc": {
                    "start": { "line": 116, "column": 12 },
                    "end": { "line": 119, "column": 49 }
                },
                "type": "binary-expr",
                "locations": [
                    {
                        "start": { "line": 116, "column": 12 },
                        "end": { "line": 116, "column": 22 }
                    },
                    {
                        "start": { "line": 117, "column": 12 },
                        "end": { "line": 117, "column": 31 }
                    },
                    {
                        "start": { "line": 118, "column": 12 },
                        "end": { "line": 118, "column": 43 }
                    },
                    { "start": { "line": 119, "column": 12 }, "end": { "line": 119, "column": 49 } }
                ],
                "line": 116
            },
            "9": {
                "loc": {
                    "start": { "line": 160, "column": 32 },
                    "end": { "line": 164, "column": 45 }
                },
                "type": "cond-expr",
                "locations": [
                    {
                        "start": { "line": 161, "column": 38 },
                        "end": { "line": 161, "column": 45 }
                    },
                    { "start": { "line": 162, "column": 38 }, "end": { "line": 164, "column": 45 } }
                ],
                "line": 160
            },
            "10": {
                "loc": {
                    "start": { "line": 162, "column": 38 },
                    "end": { "line": 164, "column": 45 }
                },
                "type": "cond-expr",
                "locations": [
                    {
                        "start": { "line": 163, "column": 40 },
                        "end": { "line": 163, "column": 48 }
                    },
                    { "start": { "line": 164, "column": 40 }, "end": { "line": 164, "column": 45 } }
                ],
                "line": 162
            },
            "11": {
                "loc": {
                    "start": { "line": 172, "column": 17 },
                    "end": { "line": 231, "column": 17 }
                },
                "type": "cond-expr",
                "locations": [
                    {
                        "start": { "line": 173, "column": 20 },
                        "end": { "line": 173, "column": 93 }
                    },
                    { "start": { "line": 175, "column": 20 }, "end": { "line": 230, "column": 22 } }
                ],
                "line": 172
            },
            "12": {
                "loc": {
                    "start": { "line": 178, "column": 28 },
                    "end": { "line": 182, "column": 29 }
                },
                "type": "if",
                "locations": [
                    {
                        "start": { "line": 178, "column": 28 },
                        "end": { "line": 182, "column": 29 }
                    },
                    { "start": { "line": 180, "column": 35 }, "end": { "line": 182, "column": 29 } }
                ],
                "line": 178
            },
            "13": {
                "loc": {
                    "start": { "line": 180, "column": 35 },
                    "end": { "line": 182, "column": 29 }
                },
                "type": "if",
                "locations": [
                    {
                        "start": { "line": 180, "column": 35 },
                        "end": { "line": 182, "column": 29 }
                    },
                    { "start": {}, "end": {} }
                ],
                "line": 180
            }
        },
        "s": {
            "0": 0,
            "1": 0,
            "2": 0,
            "3": 0,
            "4": 0,
            "5": 0,
            "6": 0,
            "7": 0,
            "8": 0,
            "9": 0,
            "10": 0,
            "11": 0,
            "12": 0,
            "13": 0,
            "14": 0,
            "15": 0,
            "16": 0,
            "17": 0,
            "18": 0,
            "19": 0,
            "20": 0,
            "21": 0,
            "22": 0,
            "23": 0,
            "24": 0,
            "25": 0,
            "26": 0,
            "27": 0,
            "28": 0,
            "29": 0,
            "30": 0,
            "31": 0,
            "32": 0,
            "33": 0,
            "34": 0,
            "35": 0,
            "36": 0,
            "37": 0,
            "38": 0,
            "39": 0,
            "40": 0,
            "41": 0,
            "42": 0,
            "43": 0,
            "44": 0,
            "45": 0,
            "46": 0,
            "47": 0,
            "48": 0,
            "49": 0,
            "50": 0,
            "51": 0,
            "52": 0,
            "53": 0,
            "54": 0,
            "55": 0,
            "56": 0,
            "57": 0,
            "58": 0,
            "59": 0,
            "60": 0,
            "61": 0,
            "62": 0,
            "63": 0
        },
        "f": {
            "0": 0,
            "1": 0,
            "2": 0,
            "3": 0,
            "4": 0,
            "5": 0,
            "6": 0,
            "7": 0,
            "8": 0,
            "9": 0,
            "10": 0,
            "11": 0,
            "12": 0,
            "13": 0,
            "14": 0,
            "15": 0,
            "16": 0,
            "17": 0
        },
        "b": {
            "0": [0],
            "1": [0],
            "2": [0, 0],
            "3": [0, 0],
            "4": [0, 0],
            "5": [0, 0],
            "6": [0, 0],
            "7": [0, 0],
            "8": [0, 0, 0, 0],
            "9": [0, 0],
            "10": [0, 0],
            "11": [0, 0],
            "12": [0, 0],
            "13": [0, 0]
        }
    },
    "/home/user/mobile-frontend-fixed/src/screens/LoginScreen.js": {
        "path": "/home/user/mobile-frontend-fixed/src/screens/LoginScreen.js",
        "statementMap": {
            "0": { "start": { "line": 7, "column": 20 }, "end": { "line": 124, "column": 1 } },
            "1": { "start": { "line": 8, "column": 36 }, "end": { "line": 8, "column": 48 } },
            "2": { "start": { "line": 9, "column": 36 }, "end": { "line": 9, "column": 48 } },
            "3": { "start": { "line": 10, "column": 34 }, "end": { "line": 10, "column": 49 } },
            "4": { "start": { "line": 11, "column": 44 }, "end": { "line": 11, "column": 59 } },
            "5": { "start": { "line": 12, "column": 22 }, "end": { "line": 12, "column": 31 } },
            "6": { "start": { "line": 13, "column": 18 }, "end": { "line": 13, "column": 28 } },
            "7": { "start": { "line": 15, "column": 24 }, "end": { "line": 32, "column": 5 } },
            "8": { "start": { "line": 16, "column": 8 }, "end": { "line": 19, "column": 9 } },
            "9": { "start": { "line": 17, "column": 12 }, "end": { "line": 17, "column": 96 } },
            "10": { "start": { "line": 18, "column": 12 }, "end": { "line": 18, "column": 19 } },
            "11": { "start": { "line": 21, "column": 8 }, "end": { "line": 21, "column": 25 } },
            "12": { "start": { "line": 22, "column": 8 }, "end": { "line": 31, "column": 9 } },
            "13": { "start": { "line": 23, "column": 27 }, "end": { "line": 23, "column": 65 } },
            "14": { "start": { "line": 24, "column": 12 }, "end": { "line": 26, "column": 13 } },
            "15": { "start": { "line": 25, "column": 16 }, "end": { "line": 25, "column": 78 } },
            "16": { "start": { "line": 28, "column": 12 }, "end": { "line": 28, "column": 49 } },
            "17": { "start": { "line": 30, "column": 12 }, "end": { "line": 30, "column": 30 } },
            "18": { "start": { "line": 34, "column": 37 }, "end": { "line": 36, "column": 5 } },
            "19": { "start": { "line": 35, "column": 8 }, "end": { "line": 35, "column": 40 } },
            "20": { "start": { "line": 38, "column": 30 }, "end": { "line": 40, "column": 5 } },
            "21": { "start": { "line": 39, "column": 8 }, "end": { "line": 39, "column": 35 } },
            "22": { "start": { "line": 42, "column": 4 }, "end": { "line": 123, "column": 6 } },
            "23": { "start": { "line": 84, "column": 51 }, "end": { "line": 84, "column": 81 } },
            "24": { "start": { "line": 126, "column": 15 }, "end": { "line": 161, "column": 2 } }
        },
        "fnMap": {
            "0": {
                "name": "(anonymous_0)",
                "decl": {
                    "start": { "line": 7, "column": 20 },
                    "end": { "line": 7, "column": 21 }
                },
                "loc": {
                    "start": { "line": 7, "column": 40 },
                    "end": { "line": 124, "column": 1 }
                },
                "line": 7
            },
            "1": {
                "name": "(anonymous_1)",
                "decl": {
                    "start": { "line": 15, "column": 24 },
                    "end": { "line": 15, "column": 25 }
                },
                "loc": {
                    "start": { "line": 15, "column": 36 },
                    "end": { "line": 32, "column": 5 }
                },
                "line": 15
            },
            "2": {
                "name": "(anonymous_2)",
                "decl": {
                    "start": { "line": 34, "column": 37 },
                    "end": { "line": 34, "column": 38 }
                },
                "loc": {
                    "start": { "line": 34, "column": 43 },
                    "end": { "line": 36, "column": 5 }
                },
[...]
            "162": 0,
            "163": 0,
            "164": 0,
            "165": 0,
            "166": 0,
            "167": 0,
            "168": 0,
            "169": 0,
            "170": 0
        },
        "f": {
            "0": 0,
            "1": 0,
            "2": 0,
            "3": 0,
            "4": 0,
            "5": 0,
            "6": 0,
            "7": 0,
            "8": 0,
            "9": 0,
            "10": 0,
            "11": 0,
            "12": 0,
            "13": 0,
            "14": 0,
            "15": 0,
            "16": 0,
            "17": 0,
            "18": 0,
            "19": 0,
            "20": 0,
            "21": 0,
            "22": 0,
            "23": 0,
            "24": 0,
            "25": 0
        },
        "b": {
            "0": [0, 0],
            "1": [0, 0],
            "2": [0, 0],
            "3": [0, 0],
            "4": [0],
            "5": [0, 0],
            "6": [0],
            "7": [0],
            "8": [0, 0],
            "9": [0, 0],
            "10": [0, 0],
            "11": [0],
            "12": [0],
            "13": [0],
            "14": [0, 0],
            "15": [0, 0],
            "16": [0, 0],
            "17": [0, 0],
            "18": [0, 0],
            "19": [0, 0],
            "20": [0, 0],
            "21": [0, 0],
            "22": [0],
            "23": [0],
            "24": [0],
            "25": [0, 0],
            "26": [0, 0],
            "27": [0, 0]
        }
    },
    "/home/user/mobile-frontend-fixed/src/theme/ThemeProvider.js": {
        "path": "/home/user/mobile-frontend-fixed/src/theme/ThemeProvider.js",
        "statementMap": {
            "0": { "start": { "line": 5, "column": 19 }, "end": { "line": 22, "column": 1 } },
            "1": { "start": { "line": 24, "column": 18 }, "end": { "line": 41, "column": 1 } },
            "2": { "start": { "line": 43, "column": 29 }, "end": { "line": 55, "column": 1 } },
            "3": { "start": { "line": 44, "column": 32 }, "end": { "line": 44, "column": 40 } },
            "4": { "start": { "line": 46, "column": 18 }, "end": { "line": 48, "column": 18 } },
            "5": { "start": { "line": 47, "column": 8 }, "end": { "line": 47, "column": 60 } },
            "6": { "start": { "line": 50, "column": 4 }, "end": { "line": 54, "column": 6 } }
        },
        "fnMap": {
            "0": {
                "name": "(anonymous_0)",
                "decl": {
                    "start": { "line": 43, "column": 29 },
                    "end": { "line": 43, "column": 30 }
                },
                "loc": {
                    "start": { "line": 43, "column": 47 },
                    "end": { "line": 55, "column": 1 }
                },
                "line": 43
            },
            "1": {
                "name": "(anonymous_1)",
                "decl": {
                    "start": { "line": 46, "column": 26 },
                    "end": { "line": 46, "column": 27 }
                },
                "loc": {
                    "start": { "line": 46, "column": 32 },
                    "end": { "line": 48, "column": 5 }
                },
                "line": 46
            }
        },
        "branchMap": {
            "0": {
                "loc": {
                    "start": { "line": 47, "column": 15 },
                    "end": { "line": 47, "column": 59 }
                },
                "type": "cond-expr",
                "locations": [
                    { "start": { "line": 47, "column": 37 }, "end": { "line": 47, "column": 46 } },
                    { "start": { "line": 47, "column": 49 }, "end": { "line": 47, "column": 59 } }
                ],
                "line": 47
            }
        },
        "s": { "0": 0, "1": 0, "2": 0, "3": 0, "4": 0, "5": 0, "6": 0 },
        "f": { "0": 0, "1": 0 },
        "b": { "0": [0, 0] }
    },
    "/home/user/mobile-frontend-fixed/src/utils/errorHandler.js": {
        "path": "/home/user/mobile-frontend-fixed/src/utils/errorHandler.js",
        "statementMap": {
            "0": { "start": { "line": 3, "column": 30 }, "end": { "line": 19, "column": 1 } },
            "1": { "start": { "line": 4, "column": 23 }, "end": { "line": 4, "column": 78 } },
            "2": { "start": { "line": 6, "column": 4 }, "end": { "line": 15, "column": 5 } },
            "3": { "start": { "line": 8, "column": 8 }, "end": { "line": 8, "column": 98 } },
            "4": { "start": { "line": 9, "column": 11 }, "end": { "line": 15, "column": 5 } },
            "5": { "start": { "line": 11, "column": 8 }, "end": { "line": 11, "column": 70 } },
            "6": { "start": { "line": 14, "column": 8 }, "end": { "line": 14, "column": 53 } },
            "7": { "start": { "line": 17, "column": 4 }, "end": { "line": 17, "column": 39 } },
            "8": { "start": { "line": 18, "column": 4 }, "end": { "line": 18, "column": 24 } },
            "9": { "start": { "line": 21, "column": 30 }, "end": { "line": 24, "column": 1 } },
            "10": { "start": { "line": 22, "column": 25 }, "end": { "line": 22, "column": 82 } },
            "11": { "start": { "line": 23, "column": 4 }, "end": { "line": 23, "column": 37 } },
            "12": { "start": { "line": 26, "column": 29 }, "end": { "line": 29, "column": 1 } },
            "13": { "start": { "line": 27, "column": 23 }, "end": { "line": 27, "column": 51 } },
            "14": { "start": { "line": 28, "column": 4 }, "end": { "line": 28, "column": 34 } },
            "15": { "start": { "line": 31, "column": 32 }, "end": { "line": 35, "column": 1 } },
            "16": { "start": { "line": 33, "column": 26 }, "end": { "line": 33, "column": 65 } },
            "17": { "start": { "line": 34, "column": 4 }, "end": { "line": 34, "column": 40 } },
            "18": { "start": { "line": 37, "column": 30 }, "end": { "line": 45, "column": 1 } },
            "19": { "start": { "line": 38, "column": 4 }, "end": { "line": 38, "column": 48 } },
            "20": { "start": { "line": 38, "column": 35 }, "end": { "line": 38, "column": 48 } },
            "21": { "start": { "line": 39, "column": 4 }, "end": { "line": 44, "column": 21 } },
            "22": { "start": { "line": 47, "column": 28 }, "end": { "line": 53, "column": 1 } },
            "23": { "start": { "line": 48, "column": 4 }, "end": { "line": 48, "column": 48 } },
            "24": { "start": { "line": 48, "column": 35 }, "end": { "line": 48, "column": 48 } },
            "25": { "start": { "line": 49, "column": 4 }, "end": { "line": 52, "column": 21 } },
            "26": { "start": { "line": 55, "column": 32 }, "end": { "line": 58, "column": 1 } },
            "27": { "start": { "line": 56, "column": 4 }, "end": { "line": 56, "column": 48 } },
            "28": { "start": { "line": 56, "column": 35 }, "end": { "line": 56, "column": 48 } },
            "29": { "start": { "line": 57, "column": 4 }, "end": { "line": 57, "column": 71 } },
            "30": { "start": { "line": 60, "column": 24 }, "end": { "line": 70, "column": 1 } },
            "31": { "start": { "line": 62, "column": 4 }, "end": { "line": 69, "column": 6 } },
            "32": { "start": { "line": 63, "column": 22 }, "end": { "line": 66, "column": 9 } },
            "33": { "start": { "line": 64, "column": 12 }, "end": { "line": 64, "column": 34 } },
            "34": { "start": { "line": 65, "column": 12 }, "end": { "line": 65, "column": 26 } },
            "35": { "start": { "line": 67, "column": 8 }, "end": { "line": 67, "column": 30 } },
            "36": { "start": { "line": 68, "column": 8 }, "end": { "line": 68, "column": 42 } }
        },
        "fnMap": {
            "0": {
                "name": "(anonymous_0)",
                "decl": {
                    "start": { "line": 3, "column": 30 },
                    "end": { "line": 3, "column": 31 }
                },
                "loc": { "start": { "line": 3, "column": 63 }, "end": { "line": 19, "column": 1 } },
                "line": 3
            },
            "1": {
                "name": "(anonymous_1)",
                "decl": {
                    "start": { "line": 21, "column": 30 },
                    "end": { "line": 21, "column": 31 }
                },
                "loc": {
                    "start": { "line": 21, "column": 58 },
                    "end": { "line": 24, "column": 1 }
                },
                "line": 21
            },
            "2": {
                "name": "(anonymous_2)",
                "decl": {
                    "start": { "line": 26, "column": 29 },
                    "end": { "line": 26, "column": 30 }
                },
                "loc": {
                    "start": { "line": 26, "column": 40 },
                    "end": { "line": 29, "column": 1 }
                },
                "line": 26
            },
            "3": {
                "name": "(anonymous_3)",
                "decl": {
                    "start": { "line": 31, "column": 32 },
                    "end": { "line": 31, "column": 33 }
                },
                "loc": {
                    "start": { "line": 31, "column": 46 },
                    "end": { "line": 35, "column": 1 }
                },
                "line": 31
            },
            "4": {
                "name": "(anonymous_4)",
                "decl": {
                    "start": { "line": 37, "column": 30 },
                    "end": { "line": 37, "column": 31 }
                },
                "loc": {
                    "start": { "line": 37, "column": 59 },
                    "end": { "line": 45, "column": 1 }
                },
                "line": 37
            },
            "5": {
                "name": "(anonymous_5)",
                "decl": {
                    "start": { "line": 47, "column": 28 },
                    "end": { "line": 47, "column": 29 }
                },
                "loc": {
                    "start": { "line": 47, "column": 53 },
                    "end": { "line": 53, "column": 1 }
                },
                "line": 47
            },
            "6": {
                "name": "(anonymous_6)",
                "decl": {
                    "start": { "line": 55, "column": 32 },
                    "end": { "line": 55, "column": 33 }
                },
                "loc": {
                    "start": { "line": 55, "column": 57 },
                    "end": { "line": 58, "column": 1 }
                },
                "line": 55
            },
            "7": {
                "name": "(anonymous_7)",
                "decl": {
                    "start": { "line": 60, "column": 24 },
                    "end": { "line": 60, "column": 25 }
                },
                "loc": {
                    "start": { "line": 60, "column": 40 },
                    "end": { "line": 70, "column": 1 }
                },
                "line": 60
            },
            "8": {
                "name": "executedFunction",
                "decl": {
                    "start": { "line": 62, "column": 20 },
                    "end": { "line": 62, "column": 36 }
                },
                "loc": {
                    "start": { "line": 62, "column": 46 },
                    "end": { "line": 69, "column": 5 }
                },
                "line": 62
            },
            "9": {
                "name": "(anonymous_9)",
                "decl": {
                    "start": { "line": 63, "column": 22 },
                    "end": { "line": 63, "column": 23 }
                },
                "loc": {
                    "start": { "line": 63, "column": 28 },
                    "end": { "line": 66, "column": 9 }
                },
                "line": 63
            }
        },
        "branchMap": {
            "0": {
                "loc": { "start": { "line": 3, "column": 38 }, "end": { "line": 3, "column": 58 } },
                "type": "default-arg",
                "locations": [
                    { "start": { "line": 3, "column": 54 }, "end": { "line": 3, "column": 58 } }
                ],
                "line": 3
            },
            "1": {
                "loc": { "start": { "line": 4, "column": 23 }, "end": { "line": 4, "column": 78 } },
                "type": "binary-expr",
                "locations": [
                    { "start": { "line": 4, "column": 23 }, "end": { "line": 4, "column": 36 } },
                    { "start": { "line": 4, "column": 40 }, "end": { "line": 4, "column": 78 } }
                ],
                "line": 4
            },
            "2": {
                "loc": { "start": { "line": 6, "column": 4 }, "end": { "line": 15, "column": 5 } },
                "type": "if",
                "locations": [
                    { "start": { "line": 6, "column": 4 }, "end": { "line": 15, "column": 5 } },
                    { "start": { "line": 9, "column": 11 }, "end": { "line": 15, "column": 5 } }
                ],
                "line": 6
            },
            "3": {
                "loc": { "start": { "line": 8, "column": 23 }, "end": { "line": 8, "column": 97 } },
                "type": "binary-expr",
                "locations": [
                    { "start": { "line": 8, "column": 23 }, "end": { "line": 8, "column": 49 } },
                    { "start": { "line": 8, "column": 53 }, "end": { "line": 8, "column": 81 } },
                    { "start": { "line": 8, "column": 85 }, "end": { "line": 8, "column": 97 } }
                ],
                "line": 8
            },
            "4": {
                "loc": { "start": { "line": 9, "column": 11 }, "end": { "line": 15, "column": 5 } },
                "type": "if",
                "locations": [
                    { "start": { "line": 9, "column": 11 }, "end": { "line": 15, "column": 5 } },
                    { "start": { "line": 12, "column": 11 }, "end": { "line": 15, "column": 5 } }
                ],
                "line": 9
            },
            "5": {
                "loc": {
                    "start": { "line": 14, "column": 23 },
                    "end": { "line": 14, "column": 52 }
                },
                "type": "binary-expr",
                "locations": [
                    { "start": { "line": 14, "column": 23 }, "end": { "line": 14, "column": 36 } },
                    { "start": { "line": 14, "column": 40 }, "end": { "line": 14, "column": 52 } }
                ],
                "line": 14
            },
            "6": {
                "loc": {
                    "start": { "line": 21, "column": 38 },
                    "end": { "line": 21, "column": 53 }
                },
                "type": "default-arg",
                "locations": [
                    { "start": { "line": 21, "column": 46 }, "end": { "line": 21, "column": 53 } }
                ],
                "line": 21
            },
            "7": {
                "loc": {
                    "start": { "line": 22, "column": 25 },
                    "end": { "line": 22, "column": 82 }
                },
                "type": "cond-expr",
                "locations": [
                    { "start": { "line": 22, "column": 53 }, "end": { "line": 22, "column": 58 } },
                    { "start": { "line": 22, "column": 61 }, "end": { "line": 22, "column": 82 } }
                ],
                "line": 22
            },
            "8": {
                "loc": {
                    "start": { "line": 37, "column": 38 },
                    "end": { "line": 37, "column": 54 }
                },
                "type": "default-arg",
                "locations": [
                    { "start": { "line": 37, "column": 49 }, "end": { "line": 37, "column": 54 } }
                ],
                "line": 37
            },
            "9": {
                "loc": {
                    "start": { "line": 38, "column": 4 },
                    "end": { "line": 38, "column": 48 }
                },
                "type": "if",
                "locations": [
                    { "start": { "line": 38, "column": 4 }, "end": { "line": 38, "column": 48 } },
                    { "start": {}, "end": {} }
                ],
                "line": 38
            },
            "10": {
                "loc": {
                    "start": { "line": 47, "column": 36 },
                    "end": { "line": 47, "column": 48 }
                },
                "type": "default-arg",
                "locations": [
                    { "start": { "line": 47, "column": 47 }, "end": { "line": 47, "column": 48 } }
                ],
                "line": 47
            },
            "11": {
                "loc": {
                    "start": { "line": 48, "column": 4 },
                    "end": { "line": 48, "column": 48 }
                },
                "type": "if",
                "locations": [
                    { "start": { "line": 48, "column": 4 }, "end": { "line": 48, "column": 48 } },
                    { "start": {}, "end": {} }
                ],
                "line": 48
            },
            "12": {
                "loc": {
                    "start": { "line": 55, "column": 40 },
                    "end": { "line": 55, "column": 52 }
                },
                "type": "default-arg",
                "locations": [
                    { "start": { "line": 55, "column": 51 }, "end": { "line": 55, "column": 52 } }
                ],
                "line": 55
            },
            "13": {
                "loc": {
                    "start": { "line": 56, "column": 4 },
                    "end": { "line": 56, "column": 48 }
                },
                "type": "if",
                "locations": [
                    { "start": { "line": 56, "column": 4 }, "end": { "line": 56, "column": 48 } },
                    { "start": {}, "end": {} }
                ],
                "line": 56
            },
            "14": {
                "loc": {
                    "start": { "line": 57, "column": 14 },
                    "end": { "line": 57, "column": 35 }
                },
                "type": "cond-expr",
                "locations": [
                    { "start": { "line": 57, "column": 27 }, "end": { "line": 57, "column": 30 } },
                    { "start": { "line": 57, "column": 33 }, "end": { "line": 57, "column": 35 } }
                ],
                "line": 57
            }
        },
        "s": {
            "0": 1,
            "1": 0,
            "2": 0,
            "3": 0,
            "4": 0,
            "5": 0,
            "6": 0,
            "7": 0,
            "8": 0,
            "9": 1,
            "10": 0,
            "11": 0,
            "12": 1,
            "13": 8,
            "14": 8,
            "15": 1,
            "16": 8,
            "17": 8,
            "18": 1,
            "19": 8,
            "20": 3,
            "21": 5,
            "22": 1,
            "23": 11,
            "24": 2,
            "25": 9,
            "26": 1,
            "27": 7,
            "28": 2,
            "29": 5,
            "30": 1,
            "31": 0,
            "32": 0,
            "33": 0,
            "34": 0,
            "35": 0,
            "36": 0
        },
        "f": { "0": 0, "1": 0, "2": 8, "3": 8, "4": 8, "5": 11, "6": 7, "7": 0, "8": 0, "9": 0 },
        "b": {
            "0": [0],
            "1": [0, 0],
            "2": [0, 0],
            "3": [0, 0, 0],
            "4": [0, 0],
            "5": [0, 0],
            "6": [0],
            "7": [0, 0],
            "8": [6],
            "9": [3, 5],
            "10": [4],
            "11": [2, 9],
            "12": [7],
            "13": [2, 5],
            "14": [3, 2]
        },
        "_coverageSchema": "1a1c01bbd47fc00a2c39e90264f33305004495a9",
        "hash": "8e2dd8a155b001d1bbf6f16469ca4d22eda327e3"
    }
}
