TN:
SF:src/components/EmptyState.js
FN:6,(anonymous_0)
FNF:1
FNH:0
FNDA:0,(anonymous_0)
DA:6,0
DA:14,0
DA:16,0
DA:50,0
LF:4
LH:0
BRDA:7,0,0,0
BRDA:8,1,0,0
BRDA:9,2,0,0
BRDA:12,3,0,0
BRDA:36,4,0,0
BRDA:36,4,1,0
BRDA:36,4,2,0
BRF:7
BRH:0
end_of_record
TN:
SF:src/components/ErrorBoundary.js
FN:6,(anonymous_0)
FN:11,(anonymous_1)
FN:15,(anonymous_2)
FN:23,(anonymous_3)
FN:27,(anonymous_4)
FNF:5
FNH:0
FNDA:0,(anonymous_0)
FNDA:0,(anonymous_1)
FNDA:0,(anonymous_2)
FNDA:0,(anonymous_3)
FNDA:0,(anonymous_4)
DA:7,0
DA:8,0
DA:12,0
DA:16,0
DA:17,0
DA:23,0
DA:24,0
DA:28,0
DA:29,0
DA:56,0
DA:60,0
LF:11
LH:0
BRDA:28,0,0,0
BRDA:28,0,1,0
BRDA:37,1,0,0
BRDA:37,1,1,0
BRDA:37,1,2,0
BRDA:42,2,0,0
BRDA:42,2,1,0
BRF:7
BRH:0
end_of_record
TN:
SF:src/components/LoadingSpinner.js
FN:5,(anonymous_0)
FNF:1
FNH:0
FNDA:0,(anonymous_0)
DA:5,0
DA:6,0
DA:18,0
LF:3
LH:0
BRDA:5,0,0,0
BRDA:5,1,0,0
BRDA:9,2,0,0
BRDA:9,2,1,0
BRF:4
BRH:0
end_of_record
TN:
SF:src/components/NetworkStatus.js
FN:6,(anonymous_0)
FN:12,(anonymous_1)
FN:24,(anonymous_2)
FNF:3
FNH:0
FNDA:0,(anonymous_0)
FNDA:0,(anonymous_1)
FNDA:0,(anonymous_2)
DA:6,0
DA:7,0
DA:8,0
DA:12,0
DA:17,0
DA:18,0
DA:21,0
DA:24,0
LF:8
LH:0
BRDA:17,0,0,0
BRDA:17,0,1,0
BRDA:27,1,0,0
BRDA:27,1,1,0
BRDA:30,2,0,0
BRDA:30,2,1,0
BRF:6
BRH:0
end_of_record
TN:
SF:src/config/config.js
FN:14,(anonymous_0)
FN:15,(anonymous_1)
FNF:2
FNH:0
FNDA:0,(anonymous_0)
FNDA:0,(anonymous_1)
DA:4,0
DA:6,0
DA:14,0
DA:15,0
LF:4
LH:0
BRDA:4,0,0,0
BRDA:4,0,1,0
BRDA:7,1,0,0
BRDA:7,1,1,0
BRDA:8,2,0,0
BRDA:8,2,1,0
BRDA:9,3,0,0
BRDA:9,3,1,0
BRDA:10,4,0,0
BRDA:10,4,1,0
BRDA:11,5,0,0
BRDA:11,5,1,0
BRF:12
BRH:0
end_of_record
TN:
SF:src/context/AppContext.js
FN:5,(anonymous_0)
FN:11,(anonymous_1)
FN:12,(anonymous_2)
FN:15,(anonymous_3)
FN:21,(anonymous_4)
FN:24,(anonymous_5)
FN:25,(anonymous_6)
FN:25,(anonymous_7)
FN:28,(anonymous_8)
FN:48,(anonymous_9)
FNF:10
FNH:0
FNDA:0,(anonymous_0)
FNDA:0,(anonymous_1)
FNDA:0,(anonymous_2)
FNDA:0,(anonymous_3)
FNDA:0,(anonymous_4)
FNDA:0,(anonymous_5)
FNDA:0,(anonymous_6)
FNDA:0,(anonymous_7)
FNDA:0,(anonymous_8)
FNDA:0,(anonymous_9)
DA:3,0
DA:5,0
DA:6,0
DA:7,0
DA:8,0
DA:9,0
DA:11,0
DA:12,0
DA:15,0
DA:16,0
DA:21,0
DA:24,0
DA:25,0
DA:28,0
DA:29,0
DA:32,0
DA:45,0
DA:48,0
DA:49,0
DA:50,0
DA:51,0
DA:53,0
LF:22
LH:0
BRDA:12,0,0,0
BRDA:12,0,1,0
BRDA:50,1,0,0
BRDA:50,1,1,0
BRF:4
BRH:0
end_of_record
TN:
SF:src/context/AuthContext.js
FN:12,(anonymous_0)
FN:19,(anonymous_1)
FN:23,(anonymous_2)
FN:41,(anonymous_3)
FN:52,(anonymous_4)
FN:64,(anonymous_5)
FN:96,(anonymous_6)
FN:122,(anonymous_7)
FN:128,(anonymous_8)
FN:169,(anonymous_9)
FNF:10
FNH:0
FNDA:0,(anonymous_0)
FNDA:0,(anonymous_1)
FNDA:0,(anonymous_2)
FNDA:0,(anonymous_3)
FNDA:0,(anonymous_4)
FNDA:0,(anonymous_5)
FNDA:0,(anonymous_6)
FNDA:0,(anonymous_7)
FNDA:0,(anonymous_8)
FNDA:0,(anonymous_9)
DA:6,0
DA:8,0
DA:9,0
DA:10,0
DA:12,0
DA:13,0
DA:14,0
DA:15,0
DA:16,0
DA:19,0
DA:20,0
DA:23,0
DA:24,0
DA:25,0
DA:30,0
DA:31,0
DA:32,0
DA:35,0
DA:37,0
DA:41,0
DA:42,0
DA:43,0
DA:48,0
DA:52,0
DA:53,0
DA:54,0
DA:60,0
DA:64,0
DA:65,0
DA:66,0
DA:67,0
DA:69,0
DA:74,0
DA:75,0
DA:76,0
DA:77,0
DA:78,0
DA:79,0
DA:80,0
DA:82,0
DA:84,0
DA:85,0
DA:88,0
DA:89,0
DA:90,0
DA:92,0
DA:96,0
DA:97,0
DA:98,0
DA:99,0
DA:101,0
DA:106,0
DA:108,0
DA:110,0
DA:111,0
DA:114,0
DA:115,0
DA:116,0
DA:118,0
DA:122,0
DA:123,0
DA:124,0
DA:125,0
DA:128,0
DA:129,0
DA:130,0
DA:131,0
DA:132,0
DA:135,0
DA:139,0
DA:140,0
DA:141,0
DA:142,0
DA:143,0
DA:145,0
DA:148,0
DA:149,0
DA:150,0
DA:154,0
DA:166,0
DA:169,0
DA:170,0
DA:171,0
DA:172,0
DA:174,0
LF:85
LH:0
BRDA:30,0,0,0
BRDA:30,0,1,0
BRDA:30,1,0,0
BRDA:30,1,1,0
BRDA:74,2,0,0
BRDA:74,2,1,0
BRDA:79,3,0,0
BRDA:79,3,1,0
BRDA:84,4,0,0
BRDA:84,4,1,0
BRDA:88,5,0,0
BRDA:88,5,1,0
BRDA:106,6,0,0
BRDA:106,6,1,0
BRDA:110,7,0,0
BRDA:110,7,1,0
BRDA:114,8,0,0
BRDA:114,8,1,0
BRDA:131,9,0,0
BRDA:131,9,1,0
BRDA:139,10,0,0
BRDA:139,10,1,0
BRDA:163,11,0,0
BRDA:163,11,1,0
BRDA:171,12,0,0
BRDA:171,12,1,0
BRF:26
BRH:0
end_of_record
TN:
SF:src/navigation/AppNavigator.js
FN:14,(anonymous_0)
FNF:1
FNH:0
FNDA:0,(anonymous_0)
DA:12,0
DA:14,0
DA:15,0
LF:3
LH:0
BRF:0
BRH:0
end_of_record
TN:
SF:src/navigation/RootNavigator.js
FN:16,(anonymous_0)
FNF:1
FNH:0
FNDA:0,(anonymous_0)
DA:14,0
DA:16,0
DA:17,0
DA:19,0
DA:20,0
DA:23,0
LF:6
LH:0
BRDA:19,0,0,0
BRDA:19,0,1,0
BRDA:26,1,0,0
BRDA:26,1,1,0
BRF:4
BRH:0
end_of_record
TN:
SF:src/screens/DashboardScreen.js
FN:24,(anonymous_0)
FN:25,(anonymous_1)
FN:36,(anonymous_2)
FN:49,(anonymous_3)
FN:55,(anonymous_4)
FN:61,(anonymous_5)
FN:68,(anonymous_6)
FN:76,(anonymous_7)
FN:77,(anonymous_8)
FN:114,(anonymous_9)
FN:148,(anonymous_10)
FN:177,(anonymous_11)
FN:184,(anonymous_12)
FN:185,(anonymous_13)
FN:199,(anonymous_14)
FN:207,(anonymous_15)
FN:215,(anonymous_16)
FN:223,(anonymous_17)
FNF:18
FNH:0
FNDA:0,(anonymous_0)
FNDA:0,(anonymous_1)
FNDA:0,(anonymous_2)
FNDA:0,(anonymous_3)
FNDA:0,(anonymous_4)
FNDA:0,(anonymous_5)
FNDA:0,(anonymous_6)
FNDA:0,(anonymous_7)
FNDA:0,(anonymous_8)
FNDA:0,(anonymous_9)
FNDA:0,(anonymous_10)
FNDA:0,(anonymous_11)
FNDA:0,(anonymous_12)
FNDA:0,(anonymous_13)
FNDA:0,(anonymous_14)
FNDA:0,(anonymous_15)
FNDA:0,(anonymous_16)
FNDA:0,(anonymous_17)
DA:16,0
DA:19,0
DA:24,0
DA:25,0
DA:36,0
DA:37,0
DA:38,0
DA:42,0
DA:46,0
DA:47,0
DA:49,0
DA:50,0
DA:51,0
DA:52,0
DA:55,0
DA:56,0
DA:61,0
DA:63,0
DA:64,0
DA:67,0
DA:68,0
DA:70,0
DA:76,0
DA:77,0
DA:78,0
DA:79,0
DA:80,0
DA:81,0
DA:82,0
DA:83,0
DA:85,0
DA:86,0
DA:89,0
DA:90,0
DA:91,0
DA:93,0
DA:94,0
DA:96,0
DA:97,0
DA:98,0
DA:103,0
DA:105,0
DA:106,0
DA:108,0
DA:111,0
DA:114,0
DA:115,0
DA:121,0
DA:125,0
DA:144,0
DA:148,0
DA:178,0
DA:179,0
DA:180,0
DA:181,0
DA:184,0
DA:186,0
DA:199,0
DA:207,0
DA:215,0
DA:223,0
DA:237,0
LF:62
LH:0
BRDA:24,0,0,0
BRDA:25,1,0,0
BRDA:51,2,0,0
BRDA:51,2,1,0
BRDA:51,3,0,0
BRDA:51,3,1,0
BRDA:63,4,0,0
BRDA:63,4,1,0
BRDA:82,5,0,0
BRDA:82,5,1,0
BRDA:97,6,0,0
BRDA:97,6,1,0
BRDA:115,7,0,0
BRDA:115,7,1,0
BRDA:116,8,0,0
BRDA:116,8,1,0
BRDA:116,8,2,0
BRDA:116,8,3,0
BRDA:160,9,0,0
BRDA:160,9,1,0
BRDA:162,10,0,0
BRDA:162,10,1,0
BRDA:172,11,0,0
BRDA:172,11,1,0
BRDA:178,12,0,0
BRDA:178,12,1,0
BRDA:180,13,0,0
BRDA:180,13,1,0
BRF:28
BRH:0
end_of_record
TN:
SF:src/screens/LoginScreen.js
FN:7,(anonymous_0)
FN:15,(anonymous_1)
FN:34,(anonymous_2)
FN:38,(anonymous_3)
FN:84,(anonymous_4)
FNF:5
FNH:0
FNDA:0,(anonymous_0)
FNDA:0,(anonymous_1)
FNDA:0,(anonymous_2)
FNDA:0,(anonymous_3)
FNDA:0,(anonymous_4)
DA:7,0
DA:8,0
DA:9,0
DA:10,0
DA:11,0
DA:12,0
DA:13,0
DA:15,0
DA:16,0
DA:17,0
DA:18,0
DA:21,0
DA:22,0
DA:23,0
DA:24,0
DA:25,0
DA:28,0
DA:30,0
DA:34,0
DA:35,0
DA:38,0
DA:39,0
DA:42,0
DA:84,0
DA:126,0
LF:25
LH:0
BRDA:16,0,0,0
BRDA:16,0,1,0
BRDA:16,1,0,0
BRDA:16,1,1,0
BRDA:24,2,0,0
BRDA:24,2,1,0
BRDA:25,3,0,0
BRDA:25,3,1,0
BRDA:44,4,0,0
BRDA:44,4,1,0
BRDA:83,5,0,0
BRDA:83,5,1,0
BRF:12
BRH:0
end_of_record
TN:
SF:src/screens/NewsScreen.js
FN:16,(anonymous_0)
FN:26,(anonymous_1)
FN:44,(anonymous_2)
FN:72,(anonymous_3)
FN:76,(anonymous_4)
FN:82,(anonymous_5)
FN:90,(anonymous_6)
FN:91,(anonymous_7)
FN:100,(anonymous_8)
FN:101,(anonymous_9)
FN:114,(anonymous_10)
FN:136,(anonymous_11)
FN:145,(anonymous_12)
FN:162,(anonymous_13)
FN:175,(anonymous_14)
FNF:15
FNH:0
FNDA:0,(anonymous_0)
FNDA:0,(anonymous_1)
FNDA:0,(anonymous_2)
FNDA:0,(anonymous_3)
FNDA:0,(anonymous_4)
FNDA:0,(anonymous_5)
FNDA:0,(anonymous_6)
FNDA:0,(anonymous_7)
FNDA:0,(anonymous_8)
FNDA:0,(anonymous_9)
FNDA:0,(anonymous_10)
FNDA:0,(anonymous_11)
FNDA:0,(anonymous_12)
FNDA:0,(anonymous_13)
FNDA:0,(anonymous_14)
DA:16,0
DA:17,0
DA:18,0
DA:19,0
DA:20,0
DA:21,0
DA:22,0
DA:23,0
DA:25,0
DA:27,0
DA:29,0
DA:30,0
DA:31,0
DA:33,0
DA:34,0
DA:35,0
DA:37,0
DA:38,0
DA:40,0
DA:41,0
DA:42,0
DA:44,0
DA:48,0
DA:50,0
DA:51,0
DA:55,0
DA:56,0
DA:58,0
DA:65,0
DA:66,0
DA:67,0
DA:72,0
DA:73,0
DA:76,0
DA:77,0
DA:78,0
DA:79,0
DA:82,0
DA:83,0
DA:84,0
DA:85,0
DA:86,0
DA:90,0
DA:91,0
DA:92,0
DA:93,0
DA:95,0
DA:100,0
DA:101,0
DA:115,0
DA:136,0
DA:137,0
DA:138,0
DA:141,0
DA:145,0
DA:162,0
DA:175,0
DA:182,0
LF:58
LH:0
BRDA:26,0,0,0
BRDA:26,1,0,0
BRDA:27,2,0,0
BRDA:27,2,1,0
BRDA:27,3,0,0
BRDA:27,3,1,0
BRDA:27,3,2,0
BRDA:29,4,0,0
BRDA:29,4,1,0
BRDA:30,5,0,0
BRDA:30,5,1,0
BRDA:35,6,0,0
BRDA:35,6,1,0
BRDA:37,7,0,0
BRDA:37,7,1,0
BRDA:41,8,0,0
BRDA:41,8,1,0
BRDA:50,9,0,0
BRDA:50,9,1,0
BRDA:65,10,0,0
BRDA:65,10,1,0
BRDA:66,11,0,0
BRDA:66,11,1,0
BRDA:83,12,0,0
BRDA:83,12,1,0
BRDA:83,13,0,0
BRDA:83,13,1,0
BRDA:83,13,2,0
BRDA:92,14,0,0
BRDA:92,14,1,0
BRDA:102,15,0,0
BRDA:102,15,1,0
BRDA:122,16,0,0
BRDA:122,16,1,0
BRDA:124,17,0,0
BRDA:124,17,1,0
BRDA:137,18,0,0
BRDA:137,18,1,0
BRDA:144,19,0,0
BRDA:144,19,1,0
BRDA:151,20,0,0
BRDA:151,20,1,0
BRDA:156,21,0,0
BRDA:156,21,1,0
BRDA:156,22,0,0
BRDA:156,22,1,0
BRF:46
BRH:0
end_of_record
TN:
SF:src/screens/PortfolioScreen.js
FN:16,(anonymous_0)
FN:23,(anonymous_1)
FN:26,(anonymous_2)
FN:27,(anonymous_3)
FN:48,(anonymous_4)
FN:66,(anonymous_5)
FN:70,(anonymous_6)
FN:78,(anonymous_7)
FN:140,(anonymous_8)
FNF:9
FNH:0
FNDA:0,(anonymous_0)
FNDA:0,(anonymous_1)
FNDA:0,(anonymous_2)
FNDA:0,(anonymous_3)
FNDA:0,(anonymous_4)
FNDA:0,(anonymous_5)
FNDA:0,(anonymous_6)
FNDA:0,(anonymous_7)
FNDA:0,(anonymous_8)
DA:16,0
DA:17,0
DA:18,0
DA:19,0
DA:20,0
DA:21,0
DA:23,0
DA:24,0
DA:26,0
DA:27,0
DA:28,0
DA:30,0
DA:31,0
DA:35,0
DA:37,0
DA:38,0
DA:39,0
DA:42,0
DA:43,0
DA:44,0
DA:45,0
DA:46,0
DA:48,0
DA:52,0
DA:54,0
DA:60,0
DA:61,0
DA:63,0
DA:66,0
DA:67,0
DA:70,0
DA:74,0
DA:78,0
DA:140,0
DA:151,0
LF:35
LH:0
BRDA:30,0,0,0
BRDA:30,0,1,0
BRDA:37,1,0,0
BRDA:37,1,1,0
BRDA:37,2,0,0
BRDA:37,2,1,0
BRDA:37,2,2,0
BRDA:46,3,0,0
BRDA:46,3,1,0
BRDA:50,4,0,0
BRDA:50,4,1,0
BRDA:56,5,0,0
BRDA:56,5,1,0
BRDA:77,6,0,0
BRDA:77,6,1,0
BRDA:117,7,0,0
BRDA:117,7,1,0
BRDA:121,8,0,0
BRDA:121,8,1,0
BRF:19
BRH:0
end_of_record
TN:
SF:src/screens/PredictionScreen.js
FN:14,(anonymous_0)
FN:22,(anonymous_1)
FN:57,(anonymous_2)
FNF:3
FNH:0
FNDA:0,(anonymous_0)
FNDA:0,(anonymous_1)
FNDA:0,(anonymous_2)
DA:14,0
DA:15,0
DA:16,0
DA:17,0
DA:18,0
DA:19,0
DA:20,0
DA:22,0
DA:23,0
DA:24,0
DA:25,0
DA:27,0
DA:28,0
DA:29,0
DA:30,0
DA:31,0
DA:32,0
DA:33,0
DA:34,0
DA:36,0
DA:37,0
DA:38,0
DA:40,0
DA:46,0
DA:47,0
DA:49,0
DA:52,0
DA:57,0
DA:125,0
LF:29
LH:0
BRDA:23,0,0,0
BRDA:23,0,1,0
BRDA:23,1,0,0
BRDA:23,1,1,0
BRDA:23,1,2,0
BRDA:31,2,0,0
BRDA:31,2,1,0
BRDA:37,3,0,0
BRDA:37,3,1,0
BRDA:42,4,0,0
BRDA:42,4,1,0
BRDA:56,5,0,0
BRDA:56,5,1,0
BRDA:101,6,0,0
BRDA:101,6,1,0
BRDA:105,7,0,0
BRDA:105,7,1,0
BRF:17
BRH:0
end_of_record
TN:
SF:src/screens/RegisterScreen.js
FN:7,(anonymous_0)
FN:23,(anonymous_1)
FN:61,(anonymous_2)
FN:86,(anonymous_3)
FN:87,(anonymous_4)
FN:90,(anonymous_5)
FN:115,(anonymous_6)
FN:129,(anonymous_7)
FN:144,(anonymous_8)
FN:159,(anonymous_9)
FN:172,(anonymous_10)
FN:182,(anonymous_11)
FN:192,(anonymous_12)
FN:202,(anonymous_13)
FN:224,(anonymous_14)
FNF:15
FNH:0
FNDA:0,(anonymous_0)
FNDA:0,(anonymous_1)
FNDA:0,(anonymous_2)
FNDA:0,(anonymous_3)
FNDA:0,(anonymous_4)
FNDA:0,(anonymous_5)
FNDA:0,(anonymous_6)
FNDA:0,(anonymous_7)
FNDA:0,(anonymous_8)
FNDA:0,(anonymous_9)
FNDA:0,(anonymous_10)
FNDA:0,(anonymous_11)
FNDA:0,(anonymous_12)
FNDA:0,(anonymous_13)
FNDA:0,(anonymous_14)
DA:7,0
DA:8,0
DA:16,0
DA:17,0
DA:18,0
DA:19,0
DA:20,0
DA:21,0
DA:23,0
DA:24,0
DA:26,0
DA:27,0
DA:28,0
DA:29,0
DA:32,0
DA:33,0
DA:34,0
DA:35,0
DA:38,0
DA:39,0
DA:40,0
DA:41,0
DA:45,0
DA:46,0
DA:49,0
DA:50,0
DA:53,0
DA:54,0
DA:57,0
DA:58,0
DA:61,0
DA:62,0
DA:63,0
DA:66,0
DA:67,0
DA:68,0
DA:76,0
DA:77,0
DA:80,0
DA:82,0
DA:86,0
DA:87,0
DA:89,0
DA:90,0
DA:94,0
DA:115,0
DA:129,0
DA:144,0
DA:159,0
DA:172,0
DA:182,0
DA:192,0
DA:202,0
DA:224,0
DA:237,0
LF:55
LH:0
BRDA:26,0,0,0
BRDA:26,0,1,0
BRDA:28,1,0,0
BRDA:28,1,1,0
BRDA:32,2,0,0
BRDA:32,2,1,0
BRDA:34,3,0,0
BRDA:34,3,1,0
BRDA:38,4,0,0
BRDA:38,4,1,0
BRDA:40,5,0,0
BRDA:40,5,1,0
BRDA:45,6,0,0
BRDA:45,6,1,0
BRDA:49,7,0,0
BRDA:49,7,1,0
BRDA:53,8,0,0
BRDA:53,8,1,0
BRDA:62,9,0,0
BRDA:62,9,1,0
BRDA:76,10,0,0
BRDA:76,10,1,0
BRDA:77,11,0,0
BRDA:77,11,1,0
BRDA:89,12,0,0
BRDA:89,12,1,0
BRDA:96,13,0,0
BRDA:96,13,1,0
BRDA:124,14,0,0
BRDA:124,14,1,0
BRDA:139,15,0,0
BRDA:139,15,1,0
BRDA:152,16,0,0
BRDA:152,16,1,0
BRDA:167,17,0,0
BRDA:167,17,1,0
BRDA:181,18,0,0
BRDA:181,18,1,0
BRDA:187,19,0,0
BRDA:187,19,1,0
BRDA:201,20,0,0
BRDA:201,20,1,0
BRDA:207,21,0,0
BRDA:207,21,1,0
BRF:44
BRH:0
end_of_record
TN:
SF:src/screens/SettingsScreen.js
FN:20,(anonymous_0)
FN:28,(anonymous_1)
FN:34,(anonymous_2)
FN:42,(anonymous_3)
FN:47,(anonymous_4)
FN:63,(anonymous_5)
FN:75,(anonymous_6)
FN:91,(anonymous_7)
FN:96,(anonymous_8)
FN:104,(anonymous_9)
FN:119,(anonymous_10)
FN:120,(anonymous_11)
FN:136,(anonymous_12)
FN:154,(anonymous_13)
FN:159,(anonymous_14)
FN:182,(anonymous_15)
FN:198,(anonymous_16)
FNF:17
FNH:0
FNDA:0,(anonymous_0)
FNDA:0,(anonymous_1)
FNDA:0,(anonymous_2)
FNDA:0,(anonymous_3)
FNDA:0,(anonymous_4)
FNDA:0,(anonymous_5)
FNDA:0,(anonymous_6)
FNDA:0,(anonymous_7)
FNDA:0,(anonymous_8)
FNDA:0,(anonymous_9)
FNDA:0,(anonymous_10)
FNDA:0,(anonymous_11)
FNDA:0,(anonymous_12)
FNDA:0,(anonymous_13)
FNDA:0,(anonymous_14)
FNDA:0,(anonymous_15)
FNDA:0,(anonymous_16)
DA:20,0
DA:21,0
DA:22,0
DA:23,0
DA:24,0
DA:25,0
DA:26,0
DA:28,0
DA:29,0
DA:35,0
DA:36,0
DA:42,0
DA:43,0
DA:44,0
DA:47,0
DA:48,0
DA:49,0
DA:50,0
DA:53,0
DA:54,0
DA:55,0
DA:56,0
DA:57,0
DA:59,0
DA:63,0
DA:64,0
DA:65,0
DA:66,0
DA:68,0
DA:71,0
DA:75,0
DA:91,0
DA:96,0
DA:104,0
DA:119,0
DA:121,0
DA:136,0
DA:154,0
DA:159,0
DA:182,0
DA:198,0
DA:207,0
LF:42
LH:0
BRDA:48,0,0,0
BRDA:48,0,1,0
BRDA:54,1,0,0
BRDA:54,1,1,0
BRDA:65,2,0,0
BRDA:65,2,1,0
BRDA:65,3,0,0
BRDA:65,3,1,0
BRDA:74,4,0,0
BRDA:74,4,1,0
BRDA:82,5,0,0
BRDA:82,5,1,0
BRDA:82,5,2,0
BRDA:90,6,0,0
BRDA:90,6,1,0
BRDA:95,7,0,0
BRDA:95,7,1,0
BRDA:101,8,0,0
BRDA:101,8,1,0
BRDA:101,9,0,0
BRDA:101,9,1,0
BRDA:101,10,0,0
BRDA:101,10,1,0
BRDA:165,11,0,0
BRDA:165,11,1,0
BRF:25
BRH:0
end_of_record
TN:
SF:src/screens/WatchlistScreen.js
FN:24,(anonymous_0)
FN:46,(anonymous_1)
FN:55,(anonymous_2)
FN:67,(anonymous_3)
FN:76,(anonymous_4)
FN:90,(anonymous_5)
FN:91,(anonymous_6)
FN:99,(anonymous_7)
FN:103,(anonymous_8)
FN:130,(anonymous_9)
FN:131,(anonymous_10)
FN:137,(anonymous_11)
FN:142,(anonymous_12)
FN:152,(anonymous_13)
FN:153,(anonymous_14)
FN:157,(anonymous_15)
FN:169,(anonymous_16)
FN:172,(anonymous_17)
FN:187,(anonymous_18)
FN:197,(anonymous_19)
FN:202,(anonymous_20)
FN:216,(anonymous_21)
FNF:22
FNH:0
FNDA:0,(anonymous_0)
FNDA:0,(anonymous_1)
FNDA:0,(anonymous_2)
FNDA:0,(anonymous_3)
FNDA:0,(anonymous_4)
FNDA:0,(anonymous_5)
FNDA:0,(anonymous_6)
FNDA:0,(anonymous_7)
FNDA:0,(anonymous_8)
FNDA:0,(anonymous_9)
FNDA:0,(anonymous_10)
FNDA:0,(anonymous_11)
FNDA:0,(anonymous_12)
FNDA:0,(anonymous_13)
FNDA:0,(anonymous_14)
FNDA:0,(anonymous_15)
FNDA:0,(anonymous_16)
FNDA:0,(anonymous_17)
FNDA:0,(anonymous_18)
FNDA:0,(anonymous_19)
FNDA:0,(anonymous_20)
FNDA:0,(anonymous_21)
DA:20,0
DA:21,0
DA:24,0
DA:25,0
DA:26,0
DA:28,0
DA:29,0
DA:38,0
DA:40,0
DA:42,0
DA:46,0
DA:47,0
DA:48,0
DA:49,0
DA:50,0
DA:51,0
DA:52,0
DA:53,0
DA:55,0
DA:56,0
DA:57,0
DA:58,0
DA:59,0
DA:62,0
DA:63,0
DA:67,0
DA:68,0
DA:69,0
DA:71,0
DA:72,0
DA:76,0
DA:77,0
DA:78,0
DA:79,0
DA:80,0
DA:81,0
DA:83,0
DA:84,0
DA:85,0
DA:86,0
DA:87,0
DA:90,0
DA:91,0
DA:92,0
DA:95,0
DA:99,0
DA:100,0
DA:103,0
DA:104,0
DA:105,0
DA:106,0
DA:110,0
DA:112,0
DA:113,0
DA:114,0
DA:115,0
DA:116,0
DA:122,0
DA:123,0
DA:124,0
DA:125,0
DA:126,0
DA:130,0
DA:131,0
DA:132,0
DA:133,0
DA:137,0
DA:138,0
DA:139,0
DA:142,0
DA:143,0
DA:144,0
DA:146,0
DA:152,0
DA:154,0
DA:157,0
DA:165,0
DA:169,0
DA:172,0
DA:187,0
DA:197,0
DA:202,0
DA:216,0
DA:225,0
LF:84
LH:0
BRDA:25,0,0,0
BRDA:25,0,1,0
BRDA:25,1,0,0
BRDA:25,1,1,0
BRDA:58,2,0,0
BRDA:58,2,1,0
BRDA:77,3,0,0
BRDA:77,3,1,0
BRDA:105,4,0,0
BRDA:105,4,1,0
BRDA:112,5,0,0
BRDA:112,5,1,0
BRDA:144,6,0,0
BRDA:144,6,1,0
BRDA:168,7,0,0
BRDA:168,7,1,0
BRDA:176,8,0,0
BRDA:176,8,1,0
BRDA:181,9,0,0
BRDA:181,9,1,0
BRDA:181,10,0,0
BRDA:181,10,1,0
BRF:22
BRH:0
end_of_record
TN:
SF:src/services/api.js
FN:26,(anonymous_0)
FN:33,(anonymous_1)
FN:40,(anonymous_2)
FN:41,(anonymous_3)
FN:53,(anonymous_4)
FN:64,(anonymous_5)
FN:75,(anonymous_6)
FN:88,(anonymous_7)
FN:118,(anonymous_8)
FN:133,(anonymous_9)
FN:134,(anonymous_10)
FN:135,(anonymous_11)
FN:152,(anonymous_12)
FN:168,(anonymous_13)
FN:179,(anonymous_14)
FN:192,(anonymous_15)
FN:205,(anonymous_16)
FN:218,(anonymous_17)
FN:228,(anonymous_18)
FN:244,(anonymous_19)
FN:254,(anonymous_20)
FN:275,(anonymous_21)
FN:288,(anonymous_22)
FN:330,(anonymous_23)
FN:359,(anonymous_24)
FN:409,(anonymous_25)
FNF:26
FNH:0
FNDA:0,(anonymous_0)
FNDA:0,(anonymous_1)
FNDA:0,(anonymous_2)
FNDA:0,(anonymous_3)
FNDA:0,(anonymous_4)
FNDA:0,(anonymous_5)
FNDA:0,(anonymous_6)
FNDA:0,(anonymous_7)
FNDA:0,(anonymous_8)
FNDA:0,(anonymous_9)
FNDA:0,(anonymous_10)
FNDA:0,(anonymous_11)
FNDA:0,(anonymous_12)
FNDA:0,(anonymous_13)
FNDA:0,(anonymous_14)
FNDA:0,(anonymous_15)
FNDA:0,(anonymous_16)
FNDA:0,(anonymous_17)
FNDA:0,(anonymous_18)
FNDA:0,(anonymous_19)
FNDA:0,(anonymous_20)
FNDA:0,(anonymous_21)
FNDA:0,(anonymous_22)
FNDA:0,(anonymous_23)
FNDA:0,(anonymous_24)
FNDA:0,(anonymous_25)
DA:6,0
DA:8,0
DA:10,0
DA:12,0
DA:13,0
DA:16,0
DA:25,0
DA:27,0
DA:28,0
DA:29,0
DA:31,0
DA:34,0
DA:39,0
DA:40,0
DA:42,0
DA:44,0
DA:46,0
DA:53,0
DA:54,0
DA:55,0
DA:56,0
DA:58,0
DA:59,0
DA:64,0
DA:65,0
DA:66,0
DA:67,0
DA:69,0
DA:70,0
DA:75,0
DA:76,0
DA:77,0
DA:78,0
DA:80,0
DA:81,0
DA:88,0
DA:89,0
DA:91,0
DA:92,0
DA:94,0
DA:100,0
DA:102,0
DA:104,0
DA:118,0
DA:119,0
DA:120,0
DA:124,0
DA:129,0
DA:131,0
DA:132,0
DA:133,0
DA:135,0
DA:136,0
DA:139,0
DA:152,0
DA:153,0
DA:154,0
DA:155,0
DA:157,0
DA:158,0
DA:168,0
DA:169,0
DA:170,0
DA:171,0
DA:173,0
DA:174,0
DA:179,0
DA:180,0
DA:181,0
DA:184,0
DA:186,0
DA:187,0
DA:192,0
DA:193,0
DA:194,0
DA:195,0
DA:197,0
DA:198,0
DA:205,0
DA:206,0
DA:219,0
DA:221,0
DA:228,0
DA:229,0
DA:245,0
DA:247,0
DA:254,0
DA:255,0
DA:256,0
DA:258,0
DA:259,0
DA:270,0
DA:272,0
DA:274,0
DA:275,0
DA:276,0
DA:281,0
DA:288,0
DA:289,0
DA:291,0
DA:294,0
DA:295,0
DA:309,0
DA:310,0
DA:317,0
DA:319,0
DA:330,0
DA:331,0
DA:332,0
DA:333,0
DA:334,0
DA:336,0
DA:337,0
DA:339,0
DA:340,0
DA:341,0
DA:342,0
DA:343,0
DA:344,0
DA:346,0
DA:347,0
DA:348,0
DA:351,0
DA:359,0
DA:360,0
DA:362,0
DA:363,0
DA:367,0
DA:368,0
DA:369,0
DA:370,0
DA:371,0
DA:372,0
DA:373,0
DA:374,0
DA:375,0
DA:376,0
DA:377,0
DA:378,0
DA:380,0
DA:381,0
DA:382,0
DA:385,0
DA:409,0
DA:410,0
DA:411,0
DA:412,0
DA:414,0
DA:437,0
DA:448,0
DA:449,0
DA:450,0
DA:452,0
DA:453,0
DA:456,0
DA:457,0
DA:460,0
DA:461,0
DA:462,0
DA:463,0
DA:464,0
DA:465,0
DA:470,0
DA:471,0
DA:473,0
DA:486,0
LF:166
LH:0
BRDA:28,0,0,0
BRDA:28,0,1,0
BRDA:42,1,0,0
BRDA:42,1,1,0
BRDA:67,2,0,0
BRDA:67,2,1,0
BRDA:92,3,0,0
BRDA:92,3,1,0
BRDA:118,4,0,0
BRDA:120,5,0,0
BRDA:120,5,1,0
BRDA:205,6,0,0
BRDA:205,7,0,0
BRDA:222,8,0,0
BRDA:222,8,1,0
BRDA:255,9,0,0
BRDA:255,9,1,0
BRDA:255,10,0,0
BRDA:255,10,1,0
BRDA:288,11,0,0
BRDA:288,12,0,0
BRDA:288,13,0,0
BRDA:294,14,0,0
BRDA:294,14,1,0
BRDA:294,15,0,0
BRDA:294,15,1,0
BRDA:297,16,0,0
BRDA:297,16,1,0
BRDA:331,17,0,0
BRDA:331,17,1,0
BRDA:362,18,0,0
BRDA:362,18,1,0
BRDA:367,19,0,0
BRDA:367,19,1,0
BRDA:371,20,0,0
BRDA:371,20,1,0
BRDA:375,21,0,0
BRDA:375,21,1,0
BRDA:409,22,0,0
BRDA:409,23,0,0
BRDA:409,24,0,0
BRDA:410,25,0,0
BRDA:410,25,1,0
BRDA:450,26,0,0
BRDA:450,26,1,0
BRDA:464,27,0,0
BRDA:464,27,1,0
BRF:47
BRH:0
end_of_record
TN:
SF:src/theme/ThemeProvider.js
FN:43,(anonymous_0)
FN:46,(anonymous_1)
FNF:2
FNH:0
FNDA:0,(anonymous_0)
FNDA:0,(anonymous_1)
DA:5,0
DA:24,0
DA:43,0
DA:44,0
DA:46,0
DA:47,0
DA:50,0
LF:7
LH:0
BRDA:47,0,0,0
BRDA:47,0,1,0
BRF:2
BRH:0
end_of_record
TN:
SF:src/utils/errorHandler.js
FN:3,(anonymous_0)
FN:21,(anonymous_1)
FN:26,(anonymous_2)
FN:31,(anonymous_3)
FN:37,(anonymous_4)
FN:47,(anonymous_5)
FN:55,(anonymous_6)
FN:60,(anonymous_7)
FN:62,executedFunction
FN:63,(anonymous_9)
FNF:10
FNH:5
FNDA:0,(anonymous_0)
FNDA:0,(anonymous_1)
FNDA:8,(anonymous_2)
FNDA:8,(anonymous_3)
FNDA:8,(anonymous_4)
FNDA:11,(anonymous_5)
FNDA:7,(anonymous_6)
FNDA:0,(anonymous_7)
FNDA:0,executedFunction
FNDA:0,(anonymous_9)
DA:3,1
DA:4,0
DA:6,0
DA:8,0
DA:9,0
DA:11,0
DA:14,0
DA:17,0
DA:18,0
DA:21,1
DA:22,0
DA:23,0
DA:26,1
DA:27,8
DA:28,8
DA:31,1
DA:33,8
DA:34,8
DA:37,1
DA:38,8
DA:39,5
DA:47,1
DA:48,11
DA:49,9
DA:55,1
DA:56,7
DA:57,5
DA:60,1
DA:62,0
DA:63,0
DA:64,0
DA:65,0
DA:67,0
DA:68,0
LF:34
LH:18
BRDA:3,0,0,0
BRDA:4,1,0,0
BRDA:4,1,1,0
BRDA:6,2,0,0
BRDA:6,2,1,0
BRDA:8,3,0,0
BRDA:8,3,1,0
BRDA:8,3,2,0
BRDA:9,4,0,0
BRDA:9,4,1,0
BRDA:14,5,0,0
BRDA:14,5,1,0
BRDA:21,6,0,0
BRDA:22,7,0,0
BRDA:22,7,1,0
BRDA:37,8,0,6
BRDA:38,9,0,3
BRDA:38,9,1,5
BRDA:47,10,0,4
BRDA:48,11,0,2
BRDA:48,11,1,9
BRDA:55,12,0,7
BRDA:56,13,0,2
BRDA:56,13,1,5
BRDA:57,14,0,3
BRDA:57,14,1,2
BRF:26
BRH:11
end_of_record
